INFO: [SIM 2] *************** CSIM start ***************
INFO: [SIM 4] CSIM will launch GCC as the compiler.
   Compiling ../../../../../ip_repo/aes128_hls/test/test_aes.cpp in debug mode
   Compiling ../../../../../ip_repo/aes128_hls/src/AES_Encrypt.cpp in debug mode
   Compiling ../../../../../ip_repo/aes128_hls/src/Sbox_Composite.cpp in debug mode
   Generating csim.exe
Running test 0
Key: 241D69BE 586313CD A68A620C 1E6DF4EB 
Plaintext: 5FE1E58A 75E34082 D28BEF49 24CE3A6D 
Ciphertext: 9872E8E4 FF3BC1E5 536E2490 D8E63865 

Running test 1
Key: DF82C5E7 7F5C0449 C1811270 C7ABA385 
Plaintext: 33D2716A 20BA9263 B0662706 678262E8 
Ciphertext: 204A8CBB D76BF73D 98F02506 9B48CB93 

Running test 2
Key: CBD7A0EA 4CE5F4FF DE1F95B3 83A10328 
Plaintext: 16D88829 994F8494 799EF626 EC868631 
Ciphertext: EF53DE06 998248AB 0793DCC7 10446238 

Running test 3
Key: 6329A2D9 C35B1A01 7472E94E 125CE2CA 
Plaintext: 8E21F041 B309F18E 7386EEDF 17C22557 
Ciphertext: AADB6568 5DB5FD13 FA0B2A8C 1B276F54 

Running test 4
Key: AE569EE3 132BED4E FB1A7D68 EC9BA588 
Plaintext: 569DB3C4 FC86AF5B A4CFC290 856DCC0A 
Ciphertext: 5B5E7F67 EE2BE1A5 836826B3 9240C423 

Running test 5
Key: CDE75C04 B56B94DA 92031F45 05E53C52 
Plaintext: 7A591F28 E9560867 84026594 B5B60145 
Ciphertext: 2EEE76B3 CEE73269 2857CA8C ADBDC849 

Running test 6
Key: 9E52359E ACC1F9A5 B9857179 B709BC4D 
Plaintext: FAD7AE4E 34432A81 CD5120F1 23177D1F 
Ciphertext: 832B4D22 4E269E13 6B2A9064 983727F6 

Running test 7
Key: 5569800A C699C190 B2078A06 6481E0D2 
Plaintext: F56DE4A9 BBD3F9BD 342F0E98 9DCD88A3 
Ciphertext: A69D95E7 DE52A550 D23FC71E 93ABF37F 

Running test 8
Key: A783200B 526EA613 EC847DE2 5EAD0337 
Plaintext: F0D06FE3 3CF580B0 1114558F 7C2AC60D 
Ciphertext: 3AB0045A 09099245 1DAB8602 FB49C067 

Running test 9
Key: D749BFE9 83547878 5D39FA9B 8EDD6A97 
Plaintext: 0B74C932 3B9F1E08 F595973C E307DFDF 
Ciphertext: 0E804996 F6A69A51 AB8241F0 F871AB6F 

Running test 10
Key: 0FD804B6 8E14AF5C DB40CE7B 5E1096FE 
Plaintext: F7DE3E5C 952141AB 43C00EB8 357E5001 
Ciphertext: 08FEBA6B 78366540 34457F69 90280006 

Running test 11
Key: 7F16443F 66C86295 DCF4CCAC 15560B17 
Plaintext: 08F7DC90 4ECD4213 1E8F6FDE 3382F0A0 
Ciphertext: 905E0CFB 847467AE 142B56BB 65870958 

Running test 12
Key: 04A6DC01 0D7DAC01 9B6DCA89 8EC12898 
Plaintext: 118B350E 1B5C9217 654FBDE2 4DD802CB 
Ciphertext: 270CEC42 C9659C16 0986A2F5 2FCA43DB 

Running test 13
Key: 5A4F059B 4820DB86 F39E56CC 934B7624 
Plaintext: 036256FB D4009551 49FF8725 6B008FCE 
Ciphertext: 05C44F7D F7EFD6E0 6E2BBC55 457368EA 

Running test 14
Key: 303F48B6 E883E92C BCFF97CE 792CAA80 
Plaintext: B5F082A9 1E992FB7 037E553F 6BEAE95A 
Ciphertext: 61AD8C5D 8778EAA6 535D833E A40AED46 

Running test 15
Key: 61AB867B 33C1D38C EF99D149 1826D83A 
Plaintext: E71FFD63 FE6CD07E 559931B1 2C74AB88 
Ciphertext: D5F9700D 38A714F5 972B83D6 862A3C84 

All tests passed
INFO: [SIM 1] CSim done with 0 errors.
INFO: [SIM 3] *************** CSIM finish ***************
