Vivado Simulator v2023.1
Copyright 1986-2022 Xilinx, Inc. All Rights Reserved.
Copyright 2022-2023 Advanced Micro Devices, Inc. All Rights Reserved.
Running: C:/Xilinx/Vivado/2023.1/bin/unwrapped/win64.o/xelab.exe xil_defaultlib.apatb_AES128Encrypt_top glbl -Oenable_linking_all_libraries -prj AES128Encrypt.prj -L smartconnect_v1_0 -L axi_protocol_checker_v1_1_12 -L axi_protocol_checker_v1_1_13 -L axis_protocol_checker_v1_1_11 -L axis_protocol_checker_v1_1_12 -L xil_defaultlib -L unisims_ver -L xpm -L floating_point_v7_1_15 -L floating_point_v7_0_20 --lib ieee_proposed=./ieee_proposed -s AES128Encrypt -debug all 
Multi-threading is on. Using 30 slave threads.
INFO: [VRFC 10-2263] Analyzing SystemVerilog file "C:/Users/dtk/cw305-shell/examples/aes128_hls/hls_cw305_aes_enc/solution0/sim/verilog/glbl.v" into library work
INFO: [VRFC 10-311] analyzing module glbl
INFO: [VRFC 10-2263] Analyzing SystemVerilog file "C:/Users/dtk/cw305-shell/examples/aes128_hls/hls_cw305_aes_enc/solution0/sim/verilog/AES128Encrypt.autotb.v" into library xil_defaultlib
INFO: [VRFC 10-311] analyzing module apatb_AES128Encrypt_top
INFO: [VRFC 10-2263] Analyzing SystemVerilog file "C:/Users/dtk/cw305-shell/examples/aes128_hls/hls_cw305_aes_enc/solution0/sim/verilog/AES128Encrypt.v" into library xil_defaultlib
INFO: [VRFC 10-311] analyzing module AES128Encrypt
INFO: [VRFC 10-2263] Analyzing SystemVerilog file "C:/Users/dtk/cw305-shell/examples/aes128_hls/hls_cw305_aes_enc/solution0/sim/verilog/AES128Encrypt_control_s_axi.v" into library xil_defaultlib
INFO: [VRFC 10-311] analyzing module AES128Encrypt_control_s_axi
INFO: [VRFC 10-2263] Analyzing SystemVerilog file "C:/Users/dtk/cw305-shell/examples/aes128_hls/hls_cw305_aes_enc/solution0/sim/verilog/AES128Encrypt_data_m_axi.v" into library xil_defaultlib
INFO: [VRFC 10-311] analyzing module AES128Encrypt_data_m_axi
INFO: [VRFC 10-311] analyzing module AES128Encrypt_data_m_axi_load
INFO: [VRFC 10-311] analyzing module AES128Encrypt_data_m_axi_store
INFO: [VRFC 10-311] analyzing module AES128Encrypt_data_m_axi_read
INFO: [VRFC 10-311] analyzing module AES128Encrypt_data_m_axi_write
INFO: [VRFC 10-311] analyzing module AES128Encrypt_data_m_axi_burst_converter
INFO: [VRFC 10-311] analyzing module AES128Encrypt_data_m_axi_throttle
INFO: [VRFC 10-311] analyzing module AES128Encrypt_data_m_axi_reg_slice
INFO: [VRFC 10-311] analyzing module AES128Encrypt_data_m_axi_fifo
INFO: [VRFC 10-311] analyzing module AES128Encrypt_data_m_axi_srl
INFO: [VRFC 10-311] analyzing module AES128Encrypt_data_m_axi_mem
INFO: [VRFC 10-2263] Analyzing SystemVerilog file "C:/Users/dtk/cw305-shell/examples/aes128_hls/hls_cw305_aes_enc/solution0/sim/verilog/AES128Encrypt_MixColumns.v" into library xil_defaultlib
INFO: [VRFC 10-311] analyzing module AES128Encrypt_MixColumns
INFO: [VRFC 10-2263] Analyzing SystemVerilog file "C:/Users/dtk/cw305-shell/examples/aes128_hls/hls_cw305_aes_enc/solution0/sim/verilog/AES128Encrypt_Sbox.v" into library xil_defaultlib
INFO: [VRFC 10-311] analyzing module AES128Encrypt_Sbox
INFO: [VRFC 10-2263] Analyzing SystemVerilog file "C:/Users/dtk/cw305-shell/examples/aes128_hls/hls_cw305_aes_enc/solution0/sim/verilog/AESL_axi_master_data.v" into library xil_defaultlib
INFO: [VRFC 10-311] analyzing module AESL_axi_master_data
INFO: [VRFC 10-2263] Analyzing SystemVerilog file "C:/Users/dtk/cw305-shell/examples/aes128_hls/hls_cw305_aes_enc/solution0/sim/verilog/AESL_axi_slave_control.v" into library xil_defaultlib
INFO: [VRFC 10-311] analyzing module AESL_axi_slave_control
INFO: [VRFC 10-2263] Analyzing SystemVerilog file "C:/Users/dtk/cw305-shell/examples/aes128_hls/hls_cw305_aes_enc/solution0/sim/verilog/dataflow_monitor.sv" into library xil_defaultlib
INFO: [VRFC 10-311] analyzing module dataflow_monitor
Starting static elaboration
Pass Through NonSizing Optimizer
Completed static elaboration
Starting simulation data flow analysis
Completed simulation data flow analysis
Time Resolution for simulation is 1ps
Compiling package xil_defaultlib.$unit_dataflow_monitor_sv
Compiling module xil_defaultlib.AES128Encrypt_Sbox
Compiling module xil_defaultlib.AES128Encrypt_MixColumns
Compiling module xil_defaultlib.AES128Encrypt_control_s_axi
Compiling module xil_defaultlib.AES128Encrypt_data_m_axi_srl(DAT...
Compiling module xil_defaultlib.AES128Encrypt_data_m_axi_fifo(DA...
Compiling module xil_defaultlib.AES128Encrypt_data_m_axi_mem(MEM...
Compiling module xil_defaultlib.AES128Encrypt_data_m_axi_fifo(ME...
Compiling module xil_defaultlib.AES128Encrypt_data_m_axi_srl(DAT...
Compiling module xil_defaultlib.AES128Encrypt_data_m_axi_fifo(DA...
Compiling module xil_defaultlib.AES128Encrypt_data_m_axi_srl(DAT...
Compiling module xil_defaultlib.AES128Encrypt_data_m_axi_fifo(DA...
Compiling module xil_defaultlib.AES128Encrypt_data_m_axi_store(N...
Compiling module xil_defaultlib.AES128Encrypt_data_m_axi_mem(MEM...
Compiling module xil_defaultlib.AES128Encrypt_data_m_axi_fifo(ME...
Compiling module xil_defaultlib.AES128Encrypt_data_m_axi_load(NU...
Compiling module xil_defaultlib.AES128Encrypt_data_m_axi_reg_sli...
Compiling module xil_defaultlib.AES128Encrypt_data_m_axi_burst_c...
Compiling module xil_defaultlib.AES128Encrypt_data_m_axi_srl(DAT...
Compiling module xil_defaultlib.AES128Encrypt_data_m_axi_fifo(DA...
Compiling module xil_defaultlib.AES128Encrypt_data_m_axi_reg_sli...
Compiling module xil_defaultlib.AES128Encrypt_data_m_axi_srl(DAT...
Compiling module xil_defaultlib.AES128Encrypt_data_m_axi_fifo(DA...
Compiling module xil_defaultlib.AES128Encrypt_data_m_axi_srl(DAT...
Compiling module xil_defaultlib.AES128Encrypt_data_m_axi_fifo(DA...
Compiling module xil_defaultlib.AES128Encrypt_data_m_axi_throttl...
Compiling module xil_defaultlib.AES128Encrypt_data_m_axi_reg_sli...
Compiling module xil_defaultlib.AES128Encrypt_data_m_axi_write(C...
Compiling module xil_defaultlib.AES128Encrypt_data_m_axi_reg_sli...
Compiling module xil_defaultlib.AES128Encrypt_data_m_axi_read(C_...
Compiling module xil_defaultlib.AES128Encrypt_data_m_axi(CONSERV...
Compiling module xil_defaultlib.AES128Encrypt
Compiling module xil_defaultlib.AESL_axi_master_data
Compiling module xil_defaultlib.AESL_axi_slave_control
Compiling module xil_defaultlib.nodf_module_intf
Compiling module xil_defaultlib.pp_loop_intf(FSM_WIDTH=147)
Compiling module xil_defaultlib.dataflow_monitor_1
Compiling module xil_defaultlib.apatb_AES128Encrypt_top
Compiling module work.glbl
Built simulation snapshot AES128Encrypt
