C:\Users\dtk\cw305-shell\examples\aes128_hls\hls_cw305_aes_enc\solution0\.autopilot\db\AES_Encrypt.pp.0.cpp:1321:7: warning: Added loop label VITIS_LOOP_1213_1:   [xilinx-label-all-loops]
      for (i = 0; i < __N - 1; ++i) {
      ^~~
      VITIS_LOOP_1213_1: 
C:\Users\dtk\cw305-shell\examples\aes128_hls\hls_cw305_aes_enc\solution0\.autopilot\db\AES_Encrypt.pp.0.cpp:1321:7: note: FIX-IT applied suggested code changes
C:\Users\dtk\cw305-shell\examples\aes128_hls\hls_cw305_aes_enc\solution0\.autopilot\db\AES_Encrypt.pp.0.cpp:2295:5: warning: Added loop label VITIS_LOOP_676_1:   [xilinx-label-all-loops]
    for (unsigned i = low; i != high; ++i) {
    ^~~
    VITIS_LOOP_676_1: 
C:\Users\dtk\cw305-shell\examples\aes128_hls\hls_cw305_aes_enc\solution0\.autopilot\db\AES_Encrypt.pp.0.cpp:2295:5: note: FIX-IT applied suggested code changes
C:\Users\dtk\cw305-shell\examples\aes128_hls\hls_cw305_aes_enc\solution0\.autopilot\db\AES_Encrypt.pp.0.cpp:2309:5: warning: Added loop label VITIS_LOOP_690_1:   [xilinx-label-all-loops]
    for (unsigned i = low; i != high; ++i) {
    ^~~
    VITIS_LOOP_690_1: 
C:\Users\dtk\cw305-shell\examples\aes128_hls\hls_cw305_aes_enc\solution0\.autopilot\db\AES_Encrypt.pp.0.cpp:2309:5: note: FIX-IT applied suggested code changes
C:\Users\dtk\cw305-shell\examples\aes128_hls\hls_cw305_aes_enc\solution0\.autopilot\db\AES_Encrypt.pp.0.cpp:2323:5: warning: Added loop label VITIS_LOOP_704_1:   [xilinx-label-all-loops]
    for (unsigned i = low; i != high; ++i) {
    ^~~
    VITIS_LOOP_704_1: 
C:\Users\dtk\cw305-shell\examples\aes128_hls\hls_cw305_aes_enc\solution0\.autopilot\db\AES_Encrypt.pp.0.cpp:2323:5: note: FIX-IT applied suggested code changes
C:\Users\dtk\cw305-shell\examples\aes128_hls\hls_cw305_aes_enc\solution0\.autopilot\db\AES_Encrypt.pp.0.cpp:3934:7: warning: Added loop label VITIS_LOOP_1247_1:   [xilinx-label-all-loops]
      for (i = 0; i < __N - 1; ++i) {
      ^~~
      VITIS_LOOP_1247_1: 
C:\Users\dtk\cw305-shell\examples\aes128_hls\hls_cw305_aes_enc\solution0\.autopilot\db\AES_Encrypt.pp.0.cpp:3934:7: note: FIX-IT applied suggested code changes
C:\Users\dtk\cw305-shell\examples\aes128_hls\hls_cw305_aes_enc\solution0\.autopilot\db\AES_Encrypt.pp.0.cpp:5717:2: warning: Added loop label VITIS_LOOP_21_1:   [xilinx-label-all-loops]
 for (unsigned char i = 0; i < 16; i++) {
 ^~~
 VITIS_LOOP_21_1: 
C:\Users\dtk\cw305-shell\examples\aes128_hls\hls_cw305_aes_enc\solution0\.autopilot\db\AES_Encrypt.pp.0.cpp:5717:2: note: FIX-IT applied suggested code changes
C:\Users\dtk\cw305-shell\examples\aes128_hls\hls_cw305_aes_enc\solution0\.autopilot\db\AES_Encrypt.pp.0.cpp:5726:2: warning: Added loop label VITIS_LOOP_30_1:   [xilinx-label-all-loops]
 for (unsigned char i = 0; i < 16; i++) {
 ^~~
 VITIS_LOOP_30_1: 
C:\Users\dtk\cw305-shell\examples\aes128_hls\hls_cw305_aes_enc\solution0\.autopilot\db\AES_Encrypt.pp.0.cpp:5726:2: note: FIX-IT applied suggested code changes
C:\Users\dtk\cw305-shell\examples\aes128_hls\hls_cw305_aes_enc\solution0\.autopilot\db\AES_Encrypt.pp.0.cpp:5741:2: warning: Added loop label VITIS_LOOP_45_1:   [xilinx-label-all-loops]
 for (unsigned char i = 0; i < 4; i++) {
 ^~~
 VITIS_LOOP_45_1: 
C:\Users\dtk\cw305-shell\examples\aes128_hls\hls_cw305_aes_enc\solution0\.autopilot\db\AES_Encrypt.pp.0.cpp:5741:2: note: FIX-IT applied suggested code changes
C:\Users\dtk\cw305-shell\examples\aes128_hls\hls_cw305_aes_enc\solution0\.autopilot\db\AES_Encrypt.pp.0.cpp:5757:2: warning: Added loop label VITIS_LOOP_61_2:   [xilinx-label-all-loops]
 for (unsigned char i = 4; i < 16; i++) {
 ^~~
 VITIS_LOOP_61_2: 
C:\Users\dtk\cw305-shell\examples\aes128_hls\hls_cw305_aes_enc\solution0\.autopilot\db\AES_Encrypt.pp.0.cpp:5757:2: note: FIX-IT applied suggested code changes
C:\Users\dtk\cw305-shell\examples\aes128_hls\hls_cw305_aes_enc\solution0\.autopilot\db\AES_Encrypt.pp.0.cpp:5763:2: warning: Added loop label VITIS_LOOP_67_3:   [xilinx-label-all-loops]
 for (unsigned char i = 0; i < 16; i++) {
 ^~~
 VITIS_LOOP_67_3: 
C:\Users\dtk\cw305-shell\examples\aes128_hls\hls_cw305_aes_enc\solution0\.autopilot\db\AES_Encrypt.pp.0.cpp:5763:2: note: FIX-IT applied suggested code changes
C:\Users\dtk\cw305-shell\examples\aes128_hls\hls_cw305_aes_enc\solution0\.autopilot\db\AES_Encrypt.pp.0.cpp:5801:2: warning: Added loop label VITIS_LOOP_116_1:   [xilinx-label-all-loops]
 for (unsigned char i = 0; i < 16; i++) {
 ^~~
 VITIS_LOOP_116_1: 
C:\Users\dtk\cw305-shell\examples\aes128_hls\hls_cw305_aes_enc\solution0\.autopilot\db\AES_Encrypt.pp.0.cpp:5801:2: note: FIX-IT applied suggested code changes
C:\Users\dtk\cw305-shell\examples\aes128_hls\hls_cw305_aes_enc\solution0\.autopilot\db\AES_Encrypt.pp.0.cpp:5811:2: warning: Added loop label VITIS_LOOP_136_1:   [xilinx-label-all-loops]
 for (unsigned char i = 0; i < 4; i++) {
 ^~~
 VITIS_LOOP_136_1: 
C:\Users\dtk\cw305-shell\examples\aes128_hls\hls_cw305_aes_enc\solution0\.autopilot\db\AES_Encrypt.pp.0.cpp:5811:2: note: FIX-IT applied suggested code changes
C:\Users\dtk\cw305-shell\examples\aes128_hls\hls_cw305_aes_enc\solution0\.autopilot\db\AES_Encrypt.pp.0.cpp:5831:2: warning: Added loop label VITIS_LOOP_156_1:   [xilinx-label-all-loops]
 for (unsigned char i = 0; i < 4; i++) {
 ^~~
 VITIS_LOOP_156_1: 
C:\Users\dtk\cw305-shell\examples\aes128_hls\hls_cw305_aes_enc\solution0\.autopilot\db\AES_Encrypt.pp.0.cpp:5831:2: note: FIX-IT applied suggested code changes
C:\Users\dtk\cw305-shell\examples\aes128_hls\hls_cw305_aes_enc\solution0\.autopilot\db\AES_Encrypt.pp.0.cpp:5835:2: warning: Added loop label VITIS_LOOP_160_2:   [xilinx-label-all-loops]
 for (unsigned char i = 0; i < 16; i++) {
 ^~~
 VITIS_LOOP_160_2: 
C:\Users\dtk\cw305-shell\examples\aes128_hls\hls_cw305_aes_enc\solution0\.autopilot\db\AES_Encrypt.pp.0.cpp:5835:2: note: FIX-IT applied suggested code changes
