../ip_repo/aes128_hls/src/AES_Encrypt.cpp:22:9: warning: HLS pragma dump _XLX_SEP_ PragmaIsValid=1_XLX_SEP_ PragmaType=unroll_XLX_SEP_ PragmaContext=_XLX_SEP_ PragmaFunction=SubBytes_XLX_SEP_ PragmaOptions=_XLX_SEP_ [-Wdump-hls-pragmas]
#pragma HLS unroll
        ^
../ip_repo/aes128_hls/src/AES_Encrypt.cpp:31:9: warning: HLS pragma dump _XLX_SEP_ PragmaIsValid=1_XLX_SEP_ PragmaType=unroll_XLX_SEP_ PragmaContext=_XLX_SEP_ PragmaFunction=AddRoundKey_XLX_SEP_ PragmaOptions=_XLX_SEP_ [-Wdump-hls-pragmas]
#pragma HLS unroll
        ^
../ip_repo/aes128_hls/src/AES_Encrypt.cpp:40:9: warning: HLS pragma dump _XLX_SEP_ PragmaIsValid=1_XLX_SEP_ PragmaType=array_partition_XLX_SEP_ PragmaContext=_XLX_SEP_ PragmaFunction=KeyExpansion_XLX_SEP_ PragmaOptions=variable=expanded_key complete_XLX_SEP_ [-Wdump-hls-pragmas]
#pragma HLS array_partition variable=expanded_key complete
        ^
../ip_repo/aes128_hls/src/AES_Encrypt.cpp:41:9: warning: HLS pragma dump _XLX_SEP_ PragmaIsValid=1_XLX_SEP_ PragmaType=array_partition_XLX_SEP_ PragmaContext=_XLX_SEP_ PragmaFunction=KeyExpansion_XLX_SEP_ PragmaOptions=variable=subbytes_key complete_XLX_SEP_ [-Wdump-hls-pragmas]
#pragma HLS array_partition variable=subbytes_key complete
        ^
../ip_repo/aes128_hls/src/AES_Encrypt.cpp:46:9: warning: HLS pragma dump _XLX_SEP_ PragmaIsValid=1_XLX_SEP_ PragmaType=unroll_XLX_SEP_ PragmaContext=_XLX_SEP_ PragmaFunction=KeyExpansion_XLX_SEP_ PragmaOptions=_XLX_SEP_ [-Wdump-hls-pragmas]
#pragma HLS unroll
        ^
../ip_repo/aes128_hls/src/AES_Encrypt.cpp:62:9: warning: HLS pragma dump _XLX_SEP_ PragmaIsValid=1_XLX_SEP_ PragmaType=unroll_XLX_SEP_ PragmaContext=_XLX_SEP_ PragmaFunction=KeyExpansion_XLX_SEP_ PragmaOptions=_XLX_SEP_ [-Wdump-hls-pragmas]
#pragma HLS unroll
        ^
../ip_repo/aes128_hls/src/AES_Encrypt.cpp:68:9: warning: HLS pragma dump _XLX_SEP_ PragmaIsValid=1_XLX_SEP_ PragmaType=unroll_XLX_SEP_ PragmaContext=_XLX_SEP_ PragmaFunction=KeyExpansion_XLX_SEP_ PragmaOptions=_XLX_SEP_ [-Wdump-hls-pragmas]
#pragma HLS unroll
        ^
../ip_repo/aes128_hls/src/AES_Encrypt.cpp:83:9: warning: HLS pragma dump _XLX_SEP_ PragmaIsValid=1_XLX_SEP_ PragmaType=array_partition_XLX_SEP_ PragmaContext=_XLX_SEP_ PragmaFunction=ShiftRows_XLX_SEP_ PragmaOptions=variable=next_state complete_XLX_SEP_ [-Wdump-hls-pragmas]
#pragma HLS array_partition variable=next_state complete
        ^
../ip_repo/aes128_hls/src/AES_Encrypt.cpp:117:9: warning: HLS pragma dump _XLX_SEP_ PragmaIsValid=1_XLX_SEP_ PragmaType=unroll_XLX_SEP_ PragmaContext=_XLX_SEP_ PragmaFunction=ShiftRows_XLX_SEP_ PragmaOptions=_XLX_SEP_ [-Wdump-hls-pragmas]
#pragma HLS unroll
        ^
../ip_repo/aes128_hls/src/AES_Encrypt.cpp:138:9: warning: HLS pragma dump _XLX_SEP_ PragmaIsValid=1_XLX_SEP_ PragmaType=pipeline_XLX_SEP_ PragmaContext=_XLX_SEP_ PragmaFunction=MixSingleColumn_XLX_SEP_ PragmaOptions=_XLX_SEP_ [-Wdump-hls-pragmas]
#pragma HLS PIPELINE
        ^
../ip_repo/aes128_hls/src/AES_Encrypt.cpp:150:9: warning: HLS pragma dump _XLX_SEP_ PragmaIsValid=1_XLX_SEP_ PragmaType=inline_XLX_SEP_ PragmaContext=_XLX_SEP_ PragmaFunction=MixColumns_XLX_SEP_ PragmaOptions=recursive_XLX_SEP_ [-Wdump-hls-pragmas]
#pragma HLS inline recursive
        ^
../ip_repo/aes128_hls/src/AES_Encrypt.cpp:152:9: warning: HLS pragma dump _XLX_SEP_ PragmaIsValid=1_XLX_SEP_ PragmaType=array_partition_XLX_SEP_ PragmaContext=_XLX_SEP_ PragmaFunction=MixColumns_XLX_SEP_ PragmaOptions=variable=next_state complete_XLX_SEP_ [-Wdump-hls-pragmas]
#pragma HLS array_partition variable=next_state complete
        ^
../ip_repo/aes128_hls/src/AES_Encrypt.cpp:157:9: warning: HLS pragma dump _XLX_SEP_ PragmaIsValid=1_XLX_SEP_ PragmaType=unroll_XLX_SEP_ PragmaContext=_XLX_SEP_ PragmaFunction=MixColumns_XLX_SEP_ PragmaOptions=_XLX_SEP_ [-Wdump-hls-pragmas]
#pragma HLS unroll
        ^
../ip_repo/aes128_hls/src/AES_Encrypt.cpp:161:9: warning: HLS pragma dump _XLX_SEP_ PragmaIsValid=1_XLX_SEP_ PragmaType=unroll_XLX_SEP_ PragmaContext=_XLX_SEP_ PragmaFunction=MixColumns_XLX_SEP_ PragmaOptions=_XLX_SEP_ [-Wdump-hls-pragmas]
#pragma HLS unroll
        ^
C:/Users/dtk/cw305-shell/examples/ip_repo/aes128_hls/create_ip.tcl:77:9: warning: HLS pragma dump _XLX_SEP_ PragmaIsValid=1_XLX_SEP_ PragmaType=top_XLX_SEP_ PragmaContext=directive_XLX_SEP_ PragmaFunction=AES128Encrypt_XLX_SEP_ PragmaOptions=name=AES128Encrypt_XLX_SEP_ [-Wdump-hls-pragmas]
#pragma HLSDIRECTIVE TOP name=AES128Encrypt
        ^
../ip_repo/aes128_hls/src/AES_Encrypt.cpp:169:9: warning: HLS pragma dump _XLX_SEP_ PragmaIsValid=1_XLX_SEP_ PragmaType=interface_XLX_SEP_ PragmaContext=_XLX_SEP_ PragmaFunction=AES128Encrypt_XLX_SEP_ PragmaOptions=mode=m_axi port=key offset=slave bundle=data depth=16_XLX_SEP_ [-Wdump-hls-pragmas]
#pragma HLS INTERFACE mode=m_axi port=key offset=slave bundle=data depth=16
        ^
../ip_repo/aes128_hls/src/AES_Encrypt.cpp:170:9: warning: HLS pragma dump _XLX_SEP_ PragmaIsValid=1_XLX_SEP_ PragmaType=interface_XLX_SEP_ PragmaContext=_XLX_SEP_ PragmaFunction=AES128Encrypt_XLX_SEP_ PragmaOptions=mode=m_axi port=plaintext offset=slave bundle=data depth=16_XLX_SEP_ [-Wdump-hls-pragmas]
#pragma HLS INTERFACE mode=m_axi port=plaintext offset=slave bundle=data depth=16
        ^
../ip_repo/aes128_hls/src/AES_Encrypt.cpp:171:9: warning: HLS pragma dump _XLX_SEP_ PragmaIsValid=1_XLX_SEP_ PragmaType=interface_XLX_SEP_ PragmaContext=_XLX_SEP_ PragmaFunction=AES128Encrypt_XLX_SEP_ PragmaOptions=mode=m_axi port=ciphertext offset=slave bundle=data depth=16_XLX_SEP_ [-Wdump-hls-pragmas]
#pragma HLS INTERFACE mode=m_axi port=ciphertext offset=slave bundle=data depth=16
        ^
../ip_repo/aes128_hls/src/AES_Encrypt.cpp:182:9: warning: HLS pragma dump _XLX_SEP_ PragmaIsValid=1_XLX_SEP_ PragmaType=array_partition_XLX_SEP_ PragmaContext=_XLX_SEP_ PragmaFunction=AES128Encrypt_XLX_SEP_ PragmaOptions=variable=state complete_XLX_SEP_ [-Wdump-hls-pragmas]
#pragma HLS array_partition variable=state complete
        ^
../ip_repo/aes128_hls/src/AES_Encrypt.cpp:183:9: warning: HLS pragma dump _XLX_SEP_ PragmaIsValid=1_XLX_SEP_ PragmaType=array_partition_XLX_SEP_ PragmaContext=_XLX_SEP_ PragmaFunction=AES128Encrypt_XLX_SEP_ PragmaOptions=variable=scheduled_key complete_XLX_SEP_ [-Wdump-hls-pragmas]
#pragma HLS array_partition variable=scheduled_key complete
        ^
../ip_repo/aes128_hls/src/AES_Encrypt.cpp:187:9: warning: HLS pragma dump _XLX_SEP_ PragmaIsValid=1_XLX_SEP_ PragmaType=unroll_XLX_SEP_ PragmaContext=_XLX_SEP_ PragmaFunction=AES128Encrypt_XLX_SEP_ PragmaOptions=_XLX_SEP_ [-Wdump-hls-pragmas]
#pragma HLS unroll
        ^
../ip_repo/aes128_hls/src/AES_Encrypt.cpp:195:9: warning: HLS pragma dump _XLX_SEP_ PragmaIsValid=1_XLX_SEP_ PragmaType=pipeline_XLX_SEP_ PragmaContext=_XLX_SEP_ PragmaFunction=AES128Encrypt_XLX_SEP_ PragmaOptions=_XLX_SEP_ [-Wdump-hls-pragmas]
#pragma HLS PIPELINE
        ^
../ip_repo/aes128_hls/src/AES_Encrypt.cpp:208:9: warning: HLS pragma dump _XLX_SEP_ PragmaIsValid=1_XLX_SEP_ PragmaType=unroll_XLX_SEP_ PragmaContext=_XLX_SEP_ PragmaFunction=AES128Encrypt_XLX_SEP_ PragmaOptions=_XLX_SEP_ [-Wdump-hls-pragmas]
#pragma HLS UNROLL
        ^
23 warnings generated.
