

================================================================
== Vitis HLS Report for 'MixColumns'
================================================================
* Date:           Tue Apr 28 14:41:46 2026

* Version:        2023.1 (Build 3854077 on May  4 2023)
* Project:        hls_cw305_aes_enc
* Solution:       solution0 (Vitis Kernel Flow Target)
* Product family: artix7
* Target device:  xc7a100t-ftg256-2


================================================================
== Performance Estimates
================================================================
+ Timing: 
    * Summary: 
    +--------+----------+----------+------------+
    |  Clock |  Target  | Estimated| Uncertainty|
    +--------+----------+----------+------------+
    |ap_clk  |  20.00 ns|  1.876 ns|     5.40 ns|
    +--------+----------+----------+------------+

+ Latency: 
    * Summary: 
    +---------+---------+----------+----------+-----+-----+---------+
    |  Latency (cycles) |  Latency (absolute) |  Interval | Pipeline|
    |   min   |   max   |    min   |    max   | min | max |   Type  |
    +---------+---------+----------+----------+-----+-----+---------+
    |        0|        0|      0 ns|      0 ns|    1|    1|      yes|
    +---------+---------+----------+----------+-----+-----+---------+

    + Detail: 
        * Instance: 
        N/A

        * Loop: 
        N/A

============================================================
+ Verbose Summary: Synthesis Manager
============================================================
InlineROM: 1
ExposeGlobal: 0
============================================================
+ Verbose Summary: CDFG Model
============================================================
IsTopModel: 0
ResetActiveHigh: 1
IsCombinational: 0
IsDatapathOnly: 0
HasWiredReturn: 1
HasMFsm: 2
HasVarLatency: 0
IsPipeline: 1
IsRtlPipelined: 0
IsInstanceOverlapped: 0
IsDontTouch: 0
HasImplIP: 0
IsGatedGlobalClock: 0

+ Individual pipeline summary: 
  * Pipeline-0: initiation interval (II) = 1, depth = 1


============================================================
+ Verbose Summary: Schedule
============================================================
* Number of FSM states : 1
* Pipeline : 1
  Pipeline-0 : II = 1, D = 1, States = { 1 }
* Dataflow Pipeline: 0

* FSM state transitions: 
1 --> 

* FSM state operations: 

State 1 <SV = 0> <Delay = 1.87>
ST_1 : Operation 2 [1/1] (0.00ns)   --->   "%state_15_read_1 = read i8 @_ssdm_op_Read.ap_auto.i8, i8 %state_15_read" [../ip_repo/aes128_hls/src/AES_Encrypt.cpp:73->../ip_repo/aes128_hls/src/AES_Encrypt.cpp:139->../ip_repo/aes128_hls/src/AES_Encrypt.cpp:158]   --->   Operation 2 'read' 'state_15_read_1' <Predicate = true> <Delay = 0.00>
ST_1 : Operation 3 [1/1] (0.00ns)   --->   "%state_14_read_1 = read i8 @_ssdm_op_Read.ap_auto.i8, i8 %state_14_read" [../ip_repo/aes128_hls/src/AES_Encrypt.cpp:73->../ip_repo/aes128_hls/src/AES_Encrypt.cpp:139->../ip_repo/aes128_hls/src/AES_Encrypt.cpp:158]   --->   Operation 3 'read' 'state_14_read_1' <Predicate = true> <Delay = 0.00>
ST_1 : Operation 4 [1/1] (0.00ns)   --->   "%state_13_read_1 = read i8 @_ssdm_op_Read.ap_auto.i8, i8 %state_13_read" [../ip_repo/aes128_hls/src/AES_Encrypt.cpp:73->../ip_repo/aes128_hls/src/AES_Encrypt.cpp:139->../ip_repo/aes128_hls/src/AES_Encrypt.cpp:158]   --->   Operation 4 'read' 'state_13_read_1' <Predicate = true> <Delay = 0.00>
ST_1 : Operation 5 [1/1] (0.00ns)   --->   "%state_1213_read_1 = read i8 @_ssdm_op_Read.ap_auto.i8, i8 %state_1213_read" [../ip_repo/aes128_hls/src/AES_Encrypt.cpp:73->../ip_repo/aes128_hls/src/AES_Encrypt.cpp:139->../ip_repo/aes128_hls/src/AES_Encrypt.cpp:158]   --->   Operation 5 'read' 'state_1213_read_1' <Predicate = true> <Delay = 0.00>
ST_1 : Operation 6 [1/1] (0.00ns)   --->   "%state_11_read_1 = read i8 @_ssdm_op_Read.ap_auto.i8, i8 %state_11_read" [../ip_repo/aes128_hls/src/AES_Encrypt.cpp:73->../ip_repo/aes128_hls/src/AES_Encrypt.cpp:139->../ip_repo/aes128_hls/src/AES_Encrypt.cpp:158]   --->   Operation 6 'read' 'state_11_read_1' <Predicate = true> <Delay = 0.00>
ST_1 : Operation 7 [1/1] (0.00ns)   --->   "%state_10_read_1 = read i8 @_ssdm_op_Read.ap_auto.i8, i8 %state_10_read" [../ip_repo/aes128_hls/src/AES_Encrypt.cpp:73->../ip_repo/aes128_hls/src/AES_Encrypt.cpp:139->../ip_repo/aes128_hls/src/AES_Encrypt.cpp:158]   --->   Operation 7 'read' 'state_10_read_1' <Predicate = true> <Delay = 0.00>
ST_1 : Operation 8 [1/1] (0.00ns)   --->   "%state_9_read_1 = read i8 @_ssdm_op_Read.ap_auto.i8, i8 %state_9_read" [../ip_repo/aes128_hls/src/AES_Encrypt.cpp:73->../ip_repo/aes128_hls/src/AES_Encrypt.cpp:139->../ip_repo/aes128_hls/src/AES_Encrypt.cpp:158]   --->   Operation 8 'read' 'state_9_read_1' <Predicate = true> <Delay = 0.00>
ST_1 : Operation 9 [1/1] (0.00ns)   --->   "%state_8_read_1 = read i8 @_ssdm_op_Read.ap_auto.i8, i8 %state_8_read" [../ip_repo/aes128_hls/src/AES_Encrypt.cpp:73->../ip_repo/aes128_hls/src/AES_Encrypt.cpp:139->../ip_repo/aes128_hls/src/AES_Encrypt.cpp:158]   --->   Operation 9 'read' 'state_8_read_1' <Predicate = true> <Delay = 0.00>
ST_1 : Operation 10 [1/1] (0.00ns)   --->   "%state_7_read_1 = read i8 @_ssdm_op_Read.ap_auto.i8, i8 %state_7_read" [../ip_repo/aes128_hls/src/AES_Encrypt.cpp:73->../ip_repo/aes128_hls/src/AES_Encrypt.cpp:139->../ip_repo/aes128_hls/src/AES_Encrypt.cpp:158]   --->   Operation 10 'read' 'state_7_read_1' <Predicate = true> <Delay = 0.00>
ST_1 : Operation 11 [1/1] (0.00ns)   --->   "%state_6_read_1 = read i8 @_ssdm_op_Read.ap_auto.i8, i8 %state_6_read" [../ip_repo/aes128_hls/src/AES_Encrypt.cpp:73->../ip_repo/aes128_hls/src/AES_Encrypt.cpp:139->../ip_repo/aes128_hls/src/AES_Encrypt.cpp:158]   --->   Operation 11 'read' 'state_6_read_1' <Predicate = true> <Delay = 0.00>
ST_1 : Operation 12 [1/1] (0.00ns)   --->   "%state_5_read_1 = read i8 @_ssdm_op_Read.ap_auto.i8, i8 %state_5_read" [../ip_repo/aes128_hls/src/AES_Encrypt.cpp:73->../ip_repo/aes128_hls/src/AES_Encrypt.cpp:139->../ip_repo/aes128_hls/src/AES_Encrypt.cpp:158]   --->   Operation 12 'read' 'state_5_read_1' <Predicate = true> <Delay = 0.00>
ST_1 : Operation 13 [1/1] (0.00ns)   --->   "%state_4_read_1 = read i8 @_ssdm_op_Read.ap_auto.i8, i8 %state_4_read" [../ip_repo/aes128_hls/src/AES_Encrypt.cpp:73->../ip_repo/aes128_hls/src/AES_Encrypt.cpp:139->../ip_repo/aes128_hls/src/AES_Encrypt.cpp:158]   --->   Operation 13 'read' 'state_4_read_1' <Predicate = true> <Delay = 0.00>
ST_1 : Operation 14 [1/1] (0.00ns)   --->   "%state_3_read_1 = read i8 @_ssdm_op_Read.ap_auto.i8, i8 %state_3_read" [../ip_repo/aes128_hls/src/AES_Encrypt.cpp:73->../ip_repo/aes128_hls/src/AES_Encrypt.cpp:139->../ip_repo/aes128_hls/src/AES_Encrypt.cpp:158]   --->   Operation 14 'read' 'state_3_read_1' <Predicate = true> <Delay = 0.00>
ST_1 : Operation 15 [1/1] (0.00ns)   --->   "%state_2_read_1 = read i8 @_ssdm_op_Read.ap_auto.i8, i8 %state_2_read" [../ip_repo/aes128_hls/src/AES_Encrypt.cpp:73->../ip_repo/aes128_hls/src/AES_Encrypt.cpp:139->../ip_repo/aes128_hls/src/AES_Encrypt.cpp:158]   --->   Operation 15 'read' 'state_2_read_1' <Predicate = true> <Delay = 0.00>
ST_1 : Operation 16 [1/1] (0.00ns)   --->   "%state_1_read_1 = read i8 @_ssdm_op_Read.ap_auto.i8, i8 %state_1_read" [../ip_repo/aes128_hls/src/AES_Encrypt.cpp:73->../ip_repo/aes128_hls/src/AES_Encrypt.cpp:139->../ip_repo/aes128_hls/src/AES_Encrypt.cpp:158]   --->   Operation 16 'read' 'state_1_read_1' <Predicate = true> <Delay = 0.00>
ST_1 : Operation 17 [1/1] (0.00ns)   --->   "%state_0_read_1 = read i8 @_ssdm_op_Read.ap_auto.i8, i8 %state_0_read" [../ip_repo/aes128_hls/src/AES_Encrypt.cpp:73->../ip_repo/aes128_hls/src/AES_Encrypt.cpp:139->../ip_repo/aes128_hls/src/AES_Encrypt.cpp:158]   --->   Operation 17 'read' 'state_0_read_1' <Predicate = true> <Delay = 0.00>
ST_1 : Operation 18 [1/1] (0.00ns)   --->   "%y = shl i8 %state_0_read_1, i8 1" [../ip_repo/aes128_hls/src/AES_Encrypt.cpp:74->../ip_repo/aes128_hls/src/AES_Encrypt.cpp:139->../ip_repo/aes128_hls/src/AES_Encrypt.cpp:158]   --->   Operation 18 'shl' 'y' <Predicate = true> <Delay = 0.00>
ST_1 : Operation 19 [1/1] (0.00ns) (grouped into LUT with out node y_63)   --->   "%tmp = bitselect i1 @_ssdm_op_BitSelect.i1.i8.i32, i8 %state_0_read_1, i32 7" [../ip_repo/aes128_hls/src/AES_Encrypt.cpp:75->../ip_repo/aes128_hls/src/AES_Encrypt.cpp:139->../ip_repo/aes128_hls/src/AES_Encrypt.cpp:158]   --->   Operation 19 'bitselect' 'tmp' <Predicate = true> <Delay = 0.00>
ST_1 : Operation 20 [1/1] (0.00ns) (grouped into LUT with out node y_63)   --->   "%y_16 = xor i8 %y, i8 27" [../ip_repo/aes128_hls/src/AES_Encrypt.cpp:76->../ip_repo/aes128_hls/src/AES_Encrypt.cpp:139->../ip_repo/aes128_hls/src/AES_Encrypt.cpp:158]   --->   Operation 20 'xor' 'y_16' <Predicate = (tmp)> <Delay = 0.00> <CoreInst = "LogicGate">   --->   Core 74 'LogicGate' <Latency = 0> <II = 1> <Delay = 0.80> <FuncUnit> <Opcode : 'and' 'or' 'xor'> <InPorts = 2> <OutPorts = 1>
ST_1 : Operation 21 [1/1] (1.07ns) (out node of the LUT)   --->   "%y_63 = select i1 %tmp, i8 %y_16, i8 %y" [../ip_repo/aes128_hls/src/AES_Encrypt.cpp:75->../ip_repo/aes128_hls/src/AES_Encrypt.cpp:139->../ip_repo/aes128_hls/src/AES_Encrypt.cpp:158]   --->   Operation 21 'select' 'y_63' <Predicate = true> <Delay = 1.07> <CoreInst = "Sel">   --->   Core 73 'Sel' <Latency = 0> <II = 1> <Delay = 1.07> <FuncUnit> <Opcode : 'select'> <InPorts = 3> <OutPorts = 1>
ST_1 : Operation 22 [1/1] (0.00ns)   --->   "%y_18 = shl i8 %state_1_read_1, i8 1" [../ip_repo/aes128_hls/src/AES_Encrypt.cpp:74->../ip_repo/aes128_hls/src/AES_Encrypt.cpp:139->../ip_repo/aes128_hls/src/AES_Encrypt.cpp:158]   --->   Operation 22 'shl' 'y_18' <Predicate = true> <Delay = 0.00>
ST_1 : Operation 23 [1/1] (0.00ns) (grouped into LUT with out node y_64)   --->   "%tmp_38 = bitselect i1 @_ssdm_op_BitSelect.i1.i8.i32, i8 %state_1_read_1, i32 7" [../ip_repo/aes128_hls/src/AES_Encrypt.cpp:75->../ip_repo/aes128_hls/src/AES_Encrypt.cpp:139->../ip_repo/aes128_hls/src/AES_Encrypt.cpp:158]   --->   Operation 23 'bitselect' 'tmp_38' <Predicate = true> <Delay = 0.00>
ST_1 : Operation 24 [1/1] (0.00ns) (grouped into LUT with out node y_64)   --->   "%y_19 = xor i8 %y_18, i8 27" [../ip_repo/aes128_hls/src/AES_Encrypt.cpp:76->../ip_repo/aes128_hls/src/AES_Encrypt.cpp:139->../ip_repo/aes128_hls/src/AES_Encrypt.cpp:158]   --->   Operation 24 'xor' 'y_19' <Predicate = (tmp_38)> <Delay = 0.00> <CoreInst = "LogicGate">   --->   Core 74 'LogicGate' <Latency = 0> <II = 1> <Delay = 0.80> <FuncUnit> <Opcode : 'and' 'or' 'xor'> <InPorts = 2> <OutPorts = 1>
ST_1 : Operation 25 [1/1] (1.07ns) (out node of the LUT)   --->   "%y_64 = select i1 %tmp_38, i8 %y_19, i8 %y_18" [../ip_repo/aes128_hls/src/AES_Encrypt.cpp:75->../ip_repo/aes128_hls/src/AES_Encrypt.cpp:139->../ip_repo/aes128_hls/src/AES_Encrypt.cpp:158]   --->   Operation 25 'select' 'y_64' <Predicate = true> <Delay = 1.07> <CoreInst = "Sel">   --->   Core 73 'Sel' <Latency = 0> <II = 1> <Delay = 1.07> <FuncUnit> <Opcode : 'select'> <InPorts = 3> <OutPorts = 1>
ST_1 : Operation 26 [1/1] (0.00ns)   --->   "%y_21 = shl i8 %state_2_read_1, i8 1" [../ip_repo/aes128_hls/src/AES_Encrypt.cpp:74->../ip_repo/aes128_hls/src/AES_Encrypt.cpp:139->../ip_repo/aes128_hls/src/AES_Encrypt.cpp:158]   --->   Operation 26 'shl' 'y_21' <Predicate = true> <Delay = 0.00>
ST_1 : Operation 27 [1/1] (0.00ns) (grouped into LUT with out node y_65)   --->   "%tmp_39 = bitselect i1 @_ssdm_op_BitSelect.i1.i8.i32, i8 %state_2_read_1, i32 7" [../ip_repo/aes128_hls/src/AES_Encrypt.cpp:75->../ip_repo/aes128_hls/src/AES_Encrypt.cpp:139->../ip_repo/aes128_hls/src/AES_Encrypt.cpp:158]   --->   Operation 27 'bitselect' 'tmp_39' <Predicate = true> <Delay = 0.00>
ST_1 : Operation 28 [1/1] (0.00ns) (grouped into LUT with out node y_65)   --->   "%y_22 = xor i8 %y_21, i8 27" [../ip_repo/aes128_hls/src/AES_Encrypt.cpp:76->../ip_repo/aes128_hls/src/AES_Encrypt.cpp:139->../ip_repo/aes128_hls/src/AES_Encrypt.cpp:158]   --->   Operation 28 'xor' 'y_22' <Predicate = (tmp_39)> <Delay = 0.00> <CoreInst = "LogicGate">   --->   Core 74 'LogicGate' <Latency = 0> <II = 1> <Delay = 0.80> <FuncUnit> <Opcode : 'and' 'or' 'xor'> <InPorts = 2> <OutPorts = 1>
ST_1 : Operation 29 [1/1] (1.07ns) (out node of the LUT)   --->   "%y_65 = select i1 %tmp_39, i8 %y_22, i8 %y_21" [../ip_repo/aes128_hls/src/AES_Encrypt.cpp:75->../ip_repo/aes128_hls/src/AES_Encrypt.cpp:139->../ip_repo/aes128_hls/src/AES_Encrypt.cpp:158]   --->   Operation 29 'select' 'y_65' <Predicate = true> <Delay = 1.07> <CoreInst = "Sel">   --->   Core 73 'Sel' <Latency = 0> <II = 1> <Delay = 1.07> <FuncUnit> <Opcode : 'select'> <InPorts = 3> <OutPorts = 1>
ST_1 : Operation 30 [1/1] (0.00ns)   --->   "%y_24 = shl i8 %state_3_read_1, i8 1" [../ip_repo/aes128_hls/src/AES_Encrypt.cpp:74->../ip_repo/aes128_hls/src/AES_Encrypt.cpp:139->../ip_repo/aes128_hls/src/AES_Encrypt.cpp:158]   --->   Operation 30 'shl' 'y_24' <Predicate = true> <Delay = 0.00>
ST_1 : Operation 31 [1/1] (0.00ns) (grouped into LUT with out node y_66)   --->   "%tmp_40 = bitselect i1 @_ssdm_op_BitSelect.i1.i8.i32, i8 %state_3_read_1, i32 7" [../ip_repo/aes128_hls/src/AES_Encrypt.cpp:75->../ip_repo/aes128_hls/src/AES_Encrypt.cpp:139->../ip_repo/aes128_hls/src/AES_Encrypt.cpp:158]   --->   Operation 31 'bitselect' 'tmp_40' <Predicate = true> <Delay = 0.00>
ST_1 : Operation 32 [1/1] (0.00ns) (grouped into LUT with out node y_66)   --->   "%y_25 = xor i8 %y_24, i8 27" [../ip_repo/aes128_hls/src/AES_Encrypt.cpp:76->../ip_repo/aes128_hls/src/AES_Encrypt.cpp:139->../ip_repo/aes128_hls/src/AES_Encrypt.cpp:158]   --->   Operation 32 'xor' 'y_25' <Predicate = (tmp_40)> <Delay = 0.00> <CoreInst = "LogicGate">   --->   Core 74 'LogicGate' <Latency = 0> <II = 1> <Delay = 0.80> <FuncUnit> <Opcode : 'and' 'or' 'xor'> <InPorts = 2> <OutPorts = 1>
ST_1 : Operation 33 [1/1] (1.07ns) (out node of the LUT)   --->   "%y_66 = select i1 %tmp_40, i8 %y_25, i8 %y_24" [../ip_repo/aes128_hls/src/AES_Encrypt.cpp:75->../ip_repo/aes128_hls/src/AES_Encrypt.cpp:139->../ip_repo/aes128_hls/src/AES_Encrypt.cpp:158]   --->   Operation 33 'select' 'y_66' <Predicate = true> <Delay = 1.07> <CoreInst = "Sel">   --->   Core 73 'Sel' <Latency = 0> <II = 1> <Delay = 1.07> <FuncUnit> <Opcode : 'select'> <InPorts = 3> <OutPorts = 1>
ST_1 : Operation 34 [1/1] (0.00ns) (grouped into LUT with out node next_state)   --->   "%xor_ln142 = xor i8 %state_2_read_1, i8 %state_1_read_1" [../ip_repo/aes128_hls/src/AES_Encrypt.cpp:142->../ip_repo/aes128_hls/src/AES_Encrypt.cpp:158]   --->   Operation 34 'xor' 'xor_ln142' <Predicate = true> <Delay = 0.00> <CoreInst = "LogicGate">   --->   Core 74 'LogicGate' <Latency = 0> <II = 1> <Delay = 0.80> <FuncUnit> <Opcode : 'and' 'or' 'xor'> <InPorts = 2> <OutPorts = 1>
ST_1 : Operation 35 [1/1] (0.00ns) (grouped into LUT with out node next_state)   --->   "%xor_ln142_1 = xor i8 %y_64, i8 %state_3_read_1" [../ip_repo/aes128_hls/src/AES_Encrypt.cpp:142->../ip_repo/aes128_hls/src/AES_Encrypt.cpp:158]   --->   Operation 35 'xor' 'xor_ln142_1' <Predicate = true> <Delay = 0.00> <CoreInst = "LogicGate">   --->   Core 74 'LogicGate' <Latency = 0> <II = 1> <Delay = 0.80> <FuncUnit> <Opcode : 'and' 'or' 'xor'> <InPorts = 2> <OutPorts = 1>
ST_1 : Operation 36 [1/1] (0.00ns) (grouped into LUT with out node next_state)   --->   "%xor_ln142_2 = xor i8 %xor_ln142_1, i8 %y_63" [../ip_repo/aes128_hls/src/AES_Encrypt.cpp:142->../ip_repo/aes128_hls/src/AES_Encrypt.cpp:158]   --->   Operation 36 'xor' 'xor_ln142_2' <Predicate = true> <Delay = 0.00> <CoreInst = "LogicGate">   --->   Core 74 'LogicGate' <Latency = 0> <II = 1> <Delay = 0.80> <FuncUnit> <Opcode : 'and' 'or' 'xor'> <InPorts = 2> <OutPorts = 1>
ST_1 : Operation 37 [1/1] (0.80ns) (out node of the LUT)   --->   "%next_state = xor i8 %xor_ln142_2, i8 %xor_ln142" [../ip_repo/aes128_hls/src/AES_Encrypt.cpp:142->../ip_repo/aes128_hls/src/AES_Encrypt.cpp:158]   --->   Operation 37 'xor' 'next_state' <Predicate = true> <Delay = 0.80> <CoreInst = "LogicGate">   --->   Core 74 'LogicGate' <Latency = 0> <II = 1> <Delay = 0.80> <FuncUnit> <Opcode : 'and' 'or' 'xor'> <InPorts = 2> <OutPorts = 1>
ST_1 : Operation 38 [1/1] (0.00ns) (grouped into LUT with out node next_state_1)   --->   "%xor_ln143 = xor i8 %state_2_read_1, i8 %state_0_read_1" [../ip_repo/aes128_hls/src/AES_Encrypt.cpp:143->../ip_repo/aes128_hls/src/AES_Encrypt.cpp:158]   --->   Operation 38 'xor' 'xor_ln143' <Predicate = true> <Delay = 0.00> <CoreInst = "LogicGate">   --->   Core 74 'LogicGate' <Latency = 0> <II = 1> <Delay = 0.80> <FuncUnit> <Opcode : 'and' 'or' 'xor'> <InPorts = 2> <OutPorts = 1>
ST_1 : Operation 39 [1/1] (0.00ns) (grouped into LUT with out node next_state_1)   --->   "%xor_ln143_1 = xor i8 %y_64, i8 %y_65" [../ip_repo/aes128_hls/src/AES_Encrypt.cpp:143->../ip_repo/aes128_hls/src/AES_Encrypt.cpp:158]   --->   Operation 39 'xor' 'xor_ln143_1' <Predicate = true> <Delay = 0.00> <CoreInst = "LogicGate">   --->   Core 74 'LogicGate' <Latency = 0> <II = 1> <Delay = 0.80> <FuncUnit> <Opcode : 'and' 'or' 'xor'> <InPorts = 2> <OutPorts = 1>
ST_1 : Operation 40 [1/1] (0.00ns) (grouped into LUT with out node next_state_1)   --->   "%xor_ln143_2 = xor i8 %xor_ln143_1, i8 %state_3_read_1" [../ip_repo/aes128_hls/src/AES_Encrypt.cpp:143->../ip_repo/aes128_hls/src/AES_Encrypt.cpp:158]   --->   Operation 40 'xor' 'xor_ln143_2' <Predicate = true> <Delay = 0.00> <CoreInst = "LogicGate">   --->   Core 74 'LogicGate' <Latency = 0> <II = 1> <Delay = 0.80> <FuncUnit> <Opcode : 'and' 'or' 'xor'> <InPorts = 2> <OutPorts = 1>
ST_1 : Operation 41 [1/1] (0.80ns) (out node of the LUT)   --->   "%next_state_1 = xor i8 %xor_ln143_2, i8 %xor_ln143" [../ip_repo/aes128_hls/src/AES_Encrypt.cpp:143->../ip_repo/aes128_hls/src/AES_Encrypt.cpp:158]   --->   Operation 41 'xor' 'next_state_1' <Predicate = true> <Delay = 0.80> <CoreInst = "LogicGate">   --->   Core 74 'LogicGate' <Latency = 0> <II = 1> <Delay = 0.80> <FuncUnit> <Opcode : 'and' 'or' 'xor'> <InPorts = 2> <OutPorts = 1>
ST_1 : Operation 42 [1/1] (0.80ns)   --->   "%xor_ln144 = xor i8 %state_1_read_1, i8 %state_0_read_1" [../ip_repo/aes128_hls/src/AES_Encrypt.cpp:144->../ip_repo/aes128_hls/src/AES_Encrypt.cpp:158]   --->   Operation 42 'xor' 'xor_ln144' <Predicate = true> <Delay = 0.80> <CoreInst = "LogicGate">   --->   Core 74 'LogicGate' <Latency = 0> <II = 1> <Delay = 0.80> <FuncUnit> <Opcode : 'and' 'or' 'xor'> <InPorts = 2> <OutPorts = 1>
ST_1 : Operation 43 [1/1] (0.00ns) (grouped into LUT with out node next_state_2)   --->   "%xor_ln144_1 = xor i8 %xor_ln144, i8 %state_3_read_1" [../ip_repo/aes128_hls/src/AES_Encrypt.cpp:144->../ip_repo/aes128_hls/src/AES_Encrypt.cpp:158]   --->   Operation 43 'xor' 'xor_ln144_1' <Predicate = true> <Delay = 0.00> <CoreInst = "LogicGate">   --->   Core 74 'LogicGate' <Latency = 0> <II = 1> <Delay = 0.80> <FuncUnit> <Opcode : 'and' 'or' 'xor'> <InPorts = 2> <OutPorts = 1>
ST_1 : Operation 44 [1/1] (0.00ns) (grouped into LUT with out node next_state_2)   --->   "%xor_ln144_2 = xor i8 %y_65, i8 %y_66" [../ip_repo/aes128_hls/src/AES_Encrypt.cpp:144->../ip_repo/aes128_hls/src/AES_Encrypt.cpp:158]   --->   Operation 44 'xor' 'xor_ln144_2' <Predicate = true> <Delay = 0.00> <CoreInst = "LogicGate">   --->   Core 74 'LogicGate' <Latency = 0> <II = 1> <Delay = 0.80> <FuncUnit> <Opcode : 'and' 'or' 'xor'> <InPorts = 2> <OutPorts = 1>
ST_1 : Operation 45 [1/1] (0.80ns) (out node of the LUT)   --->   "%next_state_2 = xor i8 %xor_ln144_2, i8 %xor_ln144_1" [../ip_repo/aes128_hls/src/AES_Encrypt.cpp:144->../ip_repo/aes128_hls/src/AES_Encrypt.cpp:158]   --->   Operation 45 'xor' 'next_state_2' <Predicate = true> <Delay = 0.80> <CoreInst = "LogicGate">   --->   Core 74 'LogicGate' <Latency = 0> <II = 1> <Delay = 0.80> <FuncUnit> <Opcode : 'and' 'or' 'xor'> <InPorts = 2> <OutPorts = 1>
ST_1 : Operation 46 [1/1] (0.00ns) (grouped into LUT with out node next_state_3)   --->   "%xor_ln145 = xor i8 %xor_ln144, i8 %state_2_read_1" [../ip_repo/aes128_hls/src/AES_Encrypt.cpp:145->../ip_repo/aes128_hls/src/AES_Encrypt.cpp:158]   --->   Operation 46 'xor' 'xor_ln145' <Predicate = true> <Delay = 0.00> <CoreInst = "LogicGate">   --->   Core 74 'LogicGate' <Latency = 0> <II = 1> <Delay = 0.80> <FuncUnit> <Opcode : 'and' 'or' 'xor'> <InPorts = 2> <OutPorts = 1>
ST_1 : Operation 47 [1/1] (0.00ns) (grouped into LUT with out node next_state_3)   --->   "%xor_ln145_1 = xor i8 %y_63, i8 %y_66" [../ip_repo/aes128_hls/src/AES_Encrypt.cpp:145->../ip_repo/aes128_hls/src/AES_Encrypt.cpp:158]   --->   Operation 47 'xor' 'xor_ln145_1' <Predicate = true> <Delay = 0.00> <CoreInst = "LogicGate">   --->   Core 74 'LogicGate' <Latency = 0> <II = 1> <Delay = 0.80> <FuncUnit> <Opcode : 'and' 'or' 'xor'> <InPorts = 2> <OutPorts = 1>
ST_1 : Operation 48 [1/1] (0.80ns) (out node of the LUT)   --->   "%next_state_3 = xor i8 %xor_ln145_1, i8 %xor_ln145" [../ip_repo/aes128_hls/src/AES_Encrypt.cpp:145->../ip_repo/aes128_hls/src/AES_Encrypt.cpp:158]   --->   Operation 48 'xor' 'next_state_3' <Predicate = true> <Delay = 0.80> <CoreInst = "LogicGate">   --->   Core 74 'LogicGate' <Latency = 0> <II = 1> <Delay = 0.80> <FuncUnit> <Opcode : 'and' 'or' 'xor'> <InPorts = 2> <OutPorts = 1>
ST_1 : Operation 49 [1/1] (0.00ns)   --->   "%y_27 = shl i8 %state_4_read_1, i8 1" [../ip_repo/aes128_hls/src/AES_Encrypt.cpp:74->../ip_repo/aes128_hls/src/AES_Encrypt.cpp:139->../ip_repo/aes128_hls/src/AES_Encrypt.cpp:158]   --->   Operation 49 'shl' 'y_27' <Predicate = true> <Delay = 0.00>
ST_1 : Operation 50 [1/1] (0.00ns) (grouped into LUT with out node y_67)   --->   "%tmp_41 = bitselect i1 @_ssdm_op_BitSelect.i1.i8.i32, i8 %state_4_read_1, i32 7" [../ip_repo/aes128_hls/src/AES_Encrypt.cpp:75->../ip_repo/aes128_hls/src/AES_Encrypt.cpp:139->../ip_repo/aes128_hls/src/AES_Encrypt.cpp:158]   --->   Operation 50 'bitselect' 'tmp_41' <Predicate = true> <Delay = 0.00>
ST_1 : Operation 51 [1/1] (0.00ns) (grouped into LUT with out node y_67)   --->   "%y_28 = xor i8 %y_27, i8 27" [../ip_repo/aes128_hls/src/AES_Encrypt.cpp:76->../ip_repo/aes128_hls/src/AES_Encrypt.cpp:139->../ip_repo/aes128_hls/src/AES_Encrypt.cpp:158]   --->   Operation 51 'xor' 'y_28' <Predicate = (tmp_41)> <Delay = 0.00> <CoreInst = "LogicGate">   --->   Core 74 'LogicGate' <Latency = 0> <II = 1> <Delay = 0.80> <FuncUnit> <Opcode : 'and' 'or' 'xor'> <InPorts = 2> <OutPorts = 1>
ST_1 : Operation 52 [1/1] (1.07ns) (out node of the LUT)   --->   "%y_67 = select i1 %tmp_41, i8 %y_28, i8 %y_27" [../ip_repo/aes128_hls/src/AES_Encrypt.cpp:75->../ip_repo/aes128_hls/src/AES_Encrypt.cpp:139->../ip_repo/aes128_hls/src/AES_Encrypt.cpp:158]   --->   Operation 52 'select' 'y_67' <Predicate = true> <Delay = 1.07> <CoreInst = "Sel">   --->   Core 73 'Sel' <Latency = 0> <II = 1> <Delay = 1.07> <FuncUnit> <Opcode : 'select'> <InPorts = 3> <OutPorts = 1>
ST_1 : Operation 53 [1/1] (0.00ns)   --->   "%y_30 = shl i8 %state_5_read_1, i8 1" [../ip_repo/aes128_hls/src/AES_Encrypt.cpp:74->../ip_repo/aes128_hls/src/AES_Encrypt.cpp:139->../ip_repo/aes128_hls/src/AES_Encrypt.cpp:158]   --->   Operation 53 'shl' 'y_30' <Predicate = true> <Delay = 0.00>
ST_1 : Operation 54 [1/1] (0.00ns) (grouped into LUT with out node y_68)   --->   "%tmp_42 = bitselect i1 @_ssdm_op_BitSelect.i1.i8.i32, i8 %state_5_read_1, i32 7" [../ip_repo/aes128_hls/src/AES_Encrypt.cpp:75->../ip_repo/aes128_hls/src/AES_Encrypt.cpp:139->../ip_repo/aes128_hls/src/AES_Encrypt.cpp:158]   --->   Operation 54 'bitselect' 'tmp_42' <Predicate = true> <Delay = 0.00>
ST_1 : Operation 55 [1/1] (0.00ns) (grouped into LUT with out node y_68)   --->   "%y_31 = xor i8 %y_30, i8 27" [../ip_repo/aes128_hls/src/AES_Encrypt.cpp:76->../ip_repo/aes128_hls/src/AES_Encrypt.cpp:139->../ip_repo/aes128_hls/src/AES_Encrypt.cpp:158]   --->   Operation 55 'xor' 'y_31' <Predicate = (tmp_42)> <Delay = 0.00> <CoreInst = "LogicGate">   --->   Core 74 'LogicGate' <Latency = 0> <II = 1> <Delay = 0.80> <FuncUnit> <Opcode : 'and' 'or' 'xor'> <InPorts = 2> <OutPorts = 1>
ST_1 : Operation 56 [1/1] (1.07ns) (out node of the LUT)   --->   "%y_68 = select i1 %tmp_42, i8 %y_31, i8 %y_30" [../ip_repo/aes128_hls/src/AES_Encrypt.cpp:75->../ip_repo/aes128_hls/src/AES_Encrypt.cpp:139->../ip_repo/aes128_hls/src/AES_Encrypt.cpp:158]   --->   Operation 56 'select' 'y_68' <Predicate = true> <Delay = 1.07> <CoreInst = "Sel">   --->   Core 73 'Sel' <Latency = 0> <II = 1> <Delay = 1.07> <FuncUnit> <Opcode : 'select'> <InPorts = 3> <OutPorts = 1>
ST_1 : Operation 57 [1/1] (0.00ns)   --->   "%y_33 = shl i8 %state_6_read_1, i8 1" [../ip_repo/aes128_hls/src/AES_Encrypt.cpp:74->../ip_repo/aes128_hls/src/AES_Encrypt.cpp:139->../ip_repo/aes128_hls/src/AES_Encrypt.cpp:158]   --->   Operation 57 'shl' 'y_33' <Predicate = true> <Delay = 0.00>
ST_1 : Operation 58 [1/1] (0.00ns) (grouped into LUT with out node y_69)   --->   "%tmp_43 = bitselect i1 @_ssdm_op_BitSelect.i1.i8.i32, i8 %state_6_read_1, i32 7" [../ip_repo/aes128_hls/src/AES_Encrypt.cpp:75->../ip_repo/aes128_hls/src/AES_Encrypt.cpp:139->../ip_repo/aes128_hls/src/AES_Encrypt.cpp:158]   --->   Operation 58 'bitselect' 'tmp_43' <Predicate = true> <Delay = 0.00>
ST_1 : Operation 59 [1/1] (0.00ns) (grouped into LUT with out node y_69)   --->   "%y_34 = xor i8 %y_33, i8 27" [../ip_repo/aes128_hls/src/AES_Encrypt.cpp:76->../ip_repo/aes128_hls/src/AES_Encrypt.cpp:139->../ip_repo/aes128_hls/src/AES_Encrypt.cpp:158]   --->   Operation 59 'xor' 'y_34' <Predicate = (tmp_43)> <Delay = 0.00> <CoreInst = "LogicGate">   --->   Core 74 'LogicGate' <Latency = 0> <II = 1> <Delay = 0.80> <FuncUnit> <Opcode : 'and' 'or' 'xor'> <InPorts = 2> <OutPorts = 1>
ST_1 : Operation 60 [1/1] (1.07ns) (out node of the LUT)   --->   "%y_69 = select i1 %tmp_43, i8 %y_34, i8 %y_33" [../ip_repo/aes128_hls/src/AES_Encrypt.cpp:75->../ip_repo/aes128_hls/src/AES_Encrypt.cpp:139->../ip_repo/aes128_hls/src/AES_Encrypt.cpp:158]   --->   Operation 60 'select' 'y_69' <Predicate = true> <Delay = 1.07> <CoreInst = "Sel">   --->   Core 73 'Sel' <Latency = 0> <II = 1> <Delay = 1.07> <FuncUnit> <Opcode : 'select'> <InPorts = 3> <OutPorts = 1>
ST_1 : Operation 61 [1/1] (0.00ns)   --->   "%y_36 = shl i8 %state_7_read_1, i8 1" [../ip_repo/aes128_hls/src/AES_Encrypt.cpp:74->../ip_repo/aes128_hls/src/AES_Encrypt.cpp:139->../ip_repo/aes128_hls/src/AES_Encrypt.cpp:158]   --->   Operation 61 'shl' 'y_36' <Predicate = true> <Delay = 0.00>
ST_1 : Operation 62 [1/1] (0.00ns) (grouped into LUT with out node y_70)   --->   "%tmp_44 = bitselect i1 @_ssdm_op_BitSelect.i1.i8.i32, i8 %state_7_read_1, i32 7" [../ip_repo/aes128_hls/src/AES_Encrypt.cpp:75->../ip_repo/aes128_hls/src/AES_Encrypt.cpp:139->../ip_repo/aes128_hls/src/AES_Encrypt.cpp:158]   --->   Operation 62 'bitselect' 'tmp_44' <Predicate = true> <Delay = 0.00>
ST_1 : Operation 63 [1/1] (0.00ns) (grouped into LUT with out node y_70)   --->   "%y_37 = xor i8 %y_36, i8 27" [../ip_repo/aes128_hls/src/AES_Encrypt.cpp:76->../ip_repo/aes128_hls/src/AES_Encrypt.cpp:139->../ip_repo/aes128_hls/src/AES_Encrypt.cpp:158]   --->   Operation 63 'xor' 'y_37' <Predicate = (tmp_44)> <Delay = 0.00> <CoreInst = "LogicGate">   --->   Core 74 'LogicGate' <Latency = 0> <II = 1> <Delay = 0.80> <FuncUnit> <Opcode : 'and' 'or' 'xor'> <InPorts = 2> <OutPorts = 1>
ST_1 : Operation 64 [1/1] (1.07ns) (out node of the LUT)   --->   "%y_70 = select i1 %tmp_44, i8 %y_37, i8 %y_36" [../ip_repo/aes128_hls/src/AES_Encrypt.cpp:75->../ip_repo/aes128_hls/src/AES_Encrypt.cpp:139->../ip_repo/aes128_hls/src/AES_Encrypt.cpp:158]   --->   Operation 64 'select' 'y_70' <Predicate = true> <Delay = 1.07> <CoreInst = "Sel">   --->   Core 73 'Sel' <Latency = 0> <II = 1> <Delay = 1.07> <FuncUnit> <Opcode : 'select'> <InPorts = 3> <OutPorts = 1>
ST_1 : Operation 65 [1/1] (0.00ns) (grouped into LUT with out node next_state_4)   --->   "%xor_ln142_4 = xor i8 %state_6_read_1, i8 %state_5_read_1" [../ip_repo/aes128_hls/src/AES_Encrypt.cpp:142->../ip_repo/aes128_hls/src/AES_Encrypt.cpp:158]   --->   Operation 65 'xor' 'xor_ln142_4' <Predicate = true> <Delay = 0.00> <CoreInst = "LogicGate">   --->   Core 74 'LogicGate' <Latency = 0> <II = 1> <Delay = 0.80> <FuncUnit> <Opcode : 'and' 'or' 'xor'> <InPorts = 2> <OutPorts = 1>
ST_1 : Operation 66 [1/1] (0.00ns) (grouped into LUT with out node next_state_4)   --->   "%xor_ln142_5 = xor i8 %y_68, i8 %state_7_read_1" [../ip_repo/aes128_hls/src/AES_Encrypt.cpp:142->../ip_repo/aes128_hls/src/AES_Encrypt.cpp:158]   --->   Operation 66 'xor' 'xor_ln142_5' <Predicate = true> <Delay = 0.00> <CoreInst = "LogicGate">   --->   Core 74 'LogicGate' <Latency = 0> <II = 1> <Delay = 0.80> <FuncUnit> <Opcode : 'and' 'or' 'xor'> <InPorts = 2> <OutPorts = 1>
ST_1 : Operation 67 [1/1] (0.00ns) (grouped into LUT with out node next_state_4)   --->   "%xor_ln142_6 = xor i8 %xor_ln142_5, i8 %y_67" [../ip_repo/aes128_hls/src/AES_Encrypt.cpp:142->../ip_repo/aes128_hls/src/AES_Encrypt.cpp:158]   --->   Operation 67 'xor' 'xor_ln142_6' <Predicate = true> <Delay = 0.00> <CoreInst = "LogicGate">   --->   Core 74 'LogicGate' <Latency = 0> <II = 1> <Delay = 0.80> <FuncUnit> <Opcode : 'and' 'or' 'xor'> <InPorts = 2> <OutPorts = 1>
ST_1 : Operation 68 [1/1] (0.80ns) (out node of the LUT)   --->   "%next_state_4 = xor i8 %xor_ln142_6, i8 %xor_ln142_4" [../ip_repo/aes128_hls/src/AES_Encrypt.cpp:142->../ip_repo/aes128_hls/src/AES_Encrypt.cpp:158]   --->   Operation 68 'xor' 'next_state_4' <Predicate = true> <Delay = 0.80> <CoreInst = "LogicGate">   --->   Core 74 'LogicGate' <Latency = 0> <II = 1> <Delay = 0.80> <FuncUnit> <Opcode : 'and' 'or' 'xor'> <InPorts = 2> <OutPorts = 1>
ST_1 : Operation 69 [1/1] (0.00ns) (grouped into LUT with out node next_state_5)   --->   "%xor_ln143_4 = xor i8 %state_6_read_1, i8 %state_4_read_1" [../ip_repo/aes128_hls/src/AES_Encrypt.cpp:143->../ip_repo/aes128_hls/src/AES_Encrypt.cpp:158]   --->   Operation 69 'xor' 'xor_ln143_4' <Predicate = true> <Delay = 0.00> <CoreInst = "LogicGate">   --->   Core 74 'LogicGate' <Latency = 0> <II = 1> <Delay = 0.80> <FuncUnit> <Opcode : 'and' 'or' 'xor'> <InPorts = 2> <OutPorts = 1>
ST_1 : Operation 70 [1/1] (0.00ns) (grouped into LUT with out node next_state_5)   --->   "%xor_ln143_5 = xor i8 %y_68, i8 %y_69" [../ip_repo/aes128_hls/src/AES_Encrypt.cpp:143->../ip_repo/aes128_hls/src/AES_Encrypt.cpp:158]   --->   Operation 70 'xor' 'xor_ln143_5' <Predicate = true> <Delay = 0.00> <CoreInst = "LogicGate">   --->   Core 74 'LogicGate' <Latency = 0> <II = 1> <Delay = 0.80> <FuncUnit> <Opcode : 'and' 'or' 'xor'> <InPorts = 2> <OutPorts = 1>
ST_1 : Operation 71 [1/1] (0.00ns) (grouped into LUT with out node next_state_5)   --->   "%xor_ln143_6 = xor i8 %xor_ln143_5, i8 %state_7_read_1" [../ip_repo/aes128_hls/src/AES_Encrypt.cpp:143->../ip_repo/aes128_hls/src/AES_Encrypt.cpp:158]   --->   Operation 71 'xor' 'xor_ln143_6' <Predicate = true> <Delay = 0.00> <CoreInst = "LogicGate">   --->   Core 74 'LogicGate' <Latency = 0> <II = 1> <Delay = 0.80> <FuncUnit> <Opcode : 'and' 'or' 'xor'> <InPorts = 2> <OutPorts = 1>
ST_1 : Operation 72 [1/1] (0.80ns) (out node of the LUT)   --->   "%next_state_5 = xor i8 %xor_ln143_6, i8 %xor_ln143_4" [../ip_repo/aes128_hls/src/AES_Encrypt.cpp:143->../ip_repo/aes128_hls/src/AES_Encrypt.cpp:158]   --->   Operation 72 'xor' 'next_state_5' <Predicate = true> <Delay = 0.80> <CoreInst = "LogicGate">   --->   Core 74 'LogicGate' <Latency = 0> <II = 1> <Delay = 0.80> <FuncUnit> <Opcode : 'and' 'or' 'xor'> <InPorts = 2> <OutPorts = 1>
ST_1 : Operation 73 [1/1] (0.80ns)   --->   "%xor_ln144_4 = xor i8 %state_5_read_1, i8 %state_4_read_1" [../ip_repo/aes128_hls/src/AES_Encrypt.cpp:144->../ip_repo/aes128_hls/src/AES_Encrypt.cpp:158]   --->   Operation 73 'xor' 'xor_ln144_4' <Predicate = true> <Delay = 0.80> <CoreInst = "LogicGate">   --->   Core 74 'LogicGate' <Latency = 0> <II = 1> <Delay = 0.80> <FuncUnit> <Opcode : 'and' 'or' 'xor'> <InPorts = 2> <OutPorts = 1>
ST_1 : Operation 74 [1/1] (0.00ns) (grouped into LUT with out node next_state_6)   --->   "%xor_ln144_5 = xor i8 %xor_ln144_4, i8 %state_7_read_1" [../ip_repo/aes128_hls/src/AES_Encrypt.cpp:144->../ip_repo/aes128_hls/src/AES_Encrypt.cpp:158]   --->   Operation 74 'xor' 'xor_ln144_5' <Predicate = true> <Delay = 0.00> <CoreInst = "LogicGate">   --->   Core 74 'LogicGate' <Latency = 0> <II = 1> <Delay = 0.80> <FuncUnit> <Opcode : 'and' 'or' 'xor'> <InPorts = 2> <OutPorts = 1>
ST_1 : Operation 75 [1/1] (0.00ns) (grouped into LUT with out node next_state_6)   --->   "%xor_ln144_6 = xor i8 %y_69, i8 %y_70" [../ip_repo/aes128_hls/src/AES_Encrypt.cpp:144->../ip_repo/aes128_hls/src/AES_Encrypt.cpp:158]   --->   Operation 75 'xor' 'xor_ln144_6' <Predicate = true> <Delay = 0.00> <CoreInst = "LogicGate">   --->   Core 74 'LogicGate' <Latency = 0> <II = 1> <Delay = 0.80> <FuncUnit> <Opcode : 'and' 'or' 'xor'> <InPorts = 2> <OutPorts = 1>
ST_1 : Operation 76 [1/1] (0.80ns) (out node of the LUT)   --->   "%next_state_6 = xor i8 %xor_ln144_6, i8 %xor_ln144_5" [../ip_repo/aes128_hls/src/AES_Encrypt.cpp:144->../ip_repo/aes128_hls/src/AES_Encrypt.cpp:158]   --->   Operation 76 'xor' 'next_state_6' <Predicate = true> <Delay = 0.80> <CoreInst = "LogicGate">   --->   Core 74 'LogicGate' <Latency = 0> <II = 1> <Delay = 0.80> <FuncUnit> <Opcode : 'and' 'or' 'xor'> <InPorts = 2> <OutPorts = 1>
ST_1 : Operation 77 [1/1] (0.00ns) (grouped into LUT with out node next_state_7)   --->   "%xor_ln145_3 = xor i8 %xor_ln144_4, i8 %state_6_read_1" [../ip_repo/aes128_hls/src/AES_Encrypt.cpp:145->../ip_repo/aes128_hls/src/AES_Encrypt.cpp:158]   --->   Operation 77 'xor' 'xor_ln145_3' <Predicate = true> <Delay = 0.00> <CoreInst = "LogicGate">   --->   Core 74 'LogicGate' <Latency = 0> <II = 1> <Delay = 0.80> <FuncUnit> <Opcode : 'and' 'or' 'xor'> <InPorts = 2> <OutPorts = 1>
ST_1 : Operation 78 [1/1] (0.00ns) (grouped into LUT with out node next_state_7)   --->   "%xor_ln145_4 = xor i8 %y_67, i8 %y_70" [../ip_repo/aes128_hls/src/AES_Encrypt.cpp:145->../ip_repo/aes128_hls/src/AES_Encrypt.cpp:158]   --->   Operation 78 'xor' 'xor_ln145_4' <Predicate = true> <Delay = 0.00> <CoreInst = "LogicGate">   --->   Core 74 'LogicGate' <Latency = 0> <II = 1> <Delay = 0.80> <FuncUnit> <Opcode : 'and' 'or' 'xor'> <InPorts = 2> <OutPorts = 1>
ST_1 : Operation 79 [1/1] (0.80ns) (out node of the LUT)   --->   "%next_state_7 = xor i8 %xor_ln145_4, i8 %xor_ln145_3" [../ip_repo/aes128_hls/src/AES_Encrypt.cpp:145->../ip_repo/aes128_hls/src/AES_Encrypt.cpp:158]   --->   Operation 79 'xor' 'next_state_7' <Predicate = true> <Delay = 0.80> <CoreInst = "LogicGate">   --->   Core 74 'LogicGate' <Latency = 0> <II = 1> <Delay = 0.80> <FuncUnit> <Opcode : 'and' 'or' 'xor'> <InPorts = 2> <OutPorts = 1>
ST_1 : Operation 80 [1/1] (0.00ns)   --->   "%y_39 = shl i8 %state_8_read_1, i8 1" [../ip_repo/aes128_hls/src/AES_Encrypt.cpp:74->../ip_repo/aes128_hls/src/AES_Encrypt.cpp:139->../ip_repo/aes128_hls/src/AES_Encrypt.cpp:158]   --->   Operation 80 'shl' 'y_39' <Predicate = true> <Delay = 0.00>
ST_1 : Operation 81 [1/1] (0.00ns) (grouped into LUT with out node y_71)   --->   "%tmp_45 = bitselect i1 @_ssdm_op_BitSelect.i1.i8.i32, i8 %state_8_read_1, i32 7" [../ip_repo/aes128_hls/src/AES_Encrypt.cpp:75->../ip_repo/aes128_hls/src/AES_Encrypt.cpp:139->../ip_repo/aes128_hls/src/AES_Encrypt.cpp:158]   --->   Operation 81 'bitselect' 'tmp_45' <Predicate = true> <Delay = 0.00>
ST_1 : Operation 82 [1/1] (0.00ns) (grouped into LUT with out node y_71)   --->   "%y_40 = xor i8 %y_39, i8 27" [../ip_repo/aes128_hls/src/AES_Encrypt.cpp:76->../ip_repo/aes128_hls/src/AES_Encrypt.cpp:139->../ip_repo/aes128_hls/src/AES_Encrypt.cpp:158]   --->   Operation 82 'xor' 'y_40' <Predicate = (tmp_45)> <Delay = 0.00> <CoreInst = "LogicGate">   --->   Core 74 'LogicGate' <Latency = 0> <II = 1> <Delay = 0.80> <FuncUnit> <Opcode : 'and' 'or' 'xor'> <InPorts = 2> <OutPorts = 1>
ST_1 : Operation 83 [1/1] (1.07ns) (out node of the LUT)   --->   "%y_71 = select i1 %tmp_45, i8 %y_40, i8 %y_39" [../ip_repo/aes128_hls/src/AES_Encrypt.cpp:75->../ip_repo/aes128_hls/src/AES_Encrypt.cpp:139->../ip_repo/aes128_hls/src/AES_Encrypt.cpp:158]   --->   Operation 83 'select' 'y_71' <Predicate = true> <Delay = 1.07> <CoreInst = "Sel">   --->   Core 73 'Sel' <Latency = 0> <II = 1> <Delay = 1.07> <FuncUnit> <Opcode : 'select'> <InPorts = 3> <OutPorts = 1>
ST_1 : Operation 84 [1/1] (0.00ns)   --->   "%y_42 = shl i8 %state_9_read_1, i8 1" [../ip_repo/aes128_hls/src/AES_Encrypt.cpp:74->../ip_repo/aes128_hls/src/AES_Encrypt.cpp:139->../ip_repo/aes128_hls/src/AES_Encrypt.cpp:158]   --->   Operation 84 'shl' 'y_42' <Predicate = true> <Delay = 0.00>
ST_1 : Operation 85 [1/1] (0.00ns) (grouped into LUT with out node y_72)   --->   "%tmp_46 = bitselect i1 @_ssdm_op_BitSelect.i1.i8.i32, i8 %state_9_read_1, i32 7" [../ip_repo/aes128_hls/src/AES_Encrypt.cpp:75->../ip_repo/aes128_hls/src/AES_Encrypt.cpp:139->../ip_repo/aes128_hls/src/AES_Encrypt.cpp:158]   --->   Operation 85 'bitselect' 'tmp_46' <Predicate = true> <Delay = 0.00>
ST_1 : Operation 86 [1/1] (0.00ns) (grouped into LUT with out node y_72)   --->   "%y_43 = xor i8 %y_42, i8 27" [../ip_repo/aes128_hls/src/AES_Encrypt.cpp:76->../ip_repo/aes128_hls/src/AES_Encrypt.cpp:139->../ip_repo/aes128_hls/src/AES_Encrypt.cpp:158]   --->   Operation 86 'xor' 'y_43' <Predicate = (tmp_46)> <Delay = 0.00> <CoreInst = "LogicGate">   --->   Core 74 'LogicGate' <Latency = 0> <II = 1> <Delay = 0.80> <FuncUnit> <Opcode : 'and' 'or' 'xor'> <InPorts = 2> <OutPorts = 1>
ST_1 : Operation 87 [1/1] (1.07ns) (out node of the LUT)   --->   "%y_72 = select i1 %tmp_46, i8 %y_43, i8 %y_42" [../ip_repo/aes128_hls/src/AES_Encrypt.cpp:75->../ip_repo/aes128_hls/src/AES_Encrypt.cpp:139->../ip_repo/aes128_hls/src/AES_Encrypt.cpp:158]   --->   Operation 87 'select' 'y_72' <Predicate = true> <Delay = 1.07> <CoreInst = "Sel">   --->   Core 73 'Sel' <Latency = 0> <II = 1> <Delay = 1.07> <FuncUnit> <Opcode : 'select'> <InPorts = 3> <OutPorts = 1>
ST_1 : Operation 88 [1/1] (0.00ns)   --->   "%y_45 = shl i8 %state_10_read_1, i8 1" [../ip_repo/aes128_hls/src/AES_Encrypt.cpp:74->../ip_repo/aes128_hls/src/AES_Encrypt.cpp:139->../ip_repo/aes128_hls/src/AES_Encrypt.cpp:158]   --->   Operation 88 'shl' 'y_45' <Predicate = true> <Delay = 0.00>
ST_1 : Operation 89 [1/1] (0.00ns) (grouped into LUT with out node y_73)   --->   "%tmp_47 = bitselect i1 @_ssdm_op_BitSelect.i1.i8.i32, i8 %state_10_read_1, i32 7" [../ip_repo/aes128_hls/src/AES_Encrypt.cpp:75->../ip_repo/aes128_hls/src/AES_Encrypt.cpp:139->../ip_repo/aes128_hls/src/AES_Encrypt.cpp:158]   --->   Operation 89 'bitselect' 'tmp_47' <Predicate = true> <Delay = 0.00>
ST_1 : Operation 90 [1/1] (0.00ns) (grouped into LUT with out node y_73)   --->   "%y_46 = xor i8 %y_45, i8 27" [../ip_repo/aes128_hls/src/AES_Encrypt.cpp:76->../ip_repo/aes128_hls/src/AES_Encrypt.cpp:139->../ip_repo/aes128_hls/src/AES_Encrypt.cpp:158]   --->   Operation 90 'xor' 'y_46' <Predicate = (tmp_47)> <Delay = 0.00> <CoreInst = "LogicGate">   --->   Core 74 'LogicGate' <Latency = 0> <II = 1> <Delay = 0.80> <FuncUnit> <Opcode : 'and' 'or' 'xor'> <InPorts = 2> <OutPorts = 1>
ST_1 : Operation 91 [1/1] (1.07ns) (out node of the LUT)   --->   "%y_73 = select i1 %tmp_47, i8 %y_46, i8 %y_45" [../ip_repo/aes128_hls/src/AES_Encrypt.cpp:75->../ip_repo/aes128_hls/src/AES_Encrypt.cpp:139->../ip_repo/aes128_hls/src/AES_Encrypt.cpp:158]   --->   Operation 91 'select' 'y_73' <Predicate = true> <Delay = 1.07> <CoreInst = "Sel">   --->   Core 73 'Sel' <Latency = 0> <II = 1> <Delay = 1.07> <FuncUnit> <Opcode : 'select'> <InPorts = 3> <OutPorts = 1>
ST_1 : Operation 92 [1/1] (0.00ns)   --->   "%y_48 = shl i8 %state_11_read_1, i8 1" [../ip_repo/aes128_hls/src/AES_Encrypt.cpp:74->../ip_repo/aes128_hls/src/AES_Encrypt.cpp:139->../ip_repo/aes128_hls/src/AES_Encrypt.cpp:158]   --->   Operation 92 'shl' 'y_48' <Predicate = true> <Delay = 0.00>
ST_1 : Operation 93 [1/1] (0.00ns) (grouped into LUT with out node y_74)   --->   "%tmp_48 = bitselect i1 @_ssdm_op_BitSelect.i1.i8.i32, i8 %state_11_read_1, i32 7" [../ip_repo/aes128_hls/src/AES_Encrypt.cpp:75->../ip_repo/aes128_hls/src/AES_Encrypt.cpp:139->../ip_repo/aes128_hls/src/AES_Encrypt.cpp:158]   --->   Operation 93 'bitselect' 'tmp_48' <Predicate = true> <Delay = 0.00>
ST_1 : Operation 94 [1/1] (0.00ns) (grouped into LUT with out node y_74)   --->   "%y_49 = xor i8 %y_48, i8 27" [../ip_repo/aes128_hls/src/AES_Encrypt.cpp:76->../ip_repo/aes128_hls/src/AES_Encrypt.cpp:139->../ip_repo/aes128_hls/src/AES_Encrypt.cpp:158]   --->   Operation 94 'xor' 'y_49' <Predicate = (tmp_48)> <Delay = 0.00> <CoreInst = "LogicGate">   --->   Core 74 'LogicGate' <Latency = 0> <II = 1> <Delay = 0.80> <FuncUnit> <Opcode : 'and' 'or' 'xor'> <InPorts = 2> <OutPorts = 1>
ST_1 : Operation 95 [1/1] (1.07ns) (out node of the LUT)   --->   "%y_74 = select i1 %tmp_48, i8 %y_49, i8 %y_48" [../ip_repo/aes128_hls/src/AES_Encrypt.cpp:75->../ip_repo/aes128_hls/src/AES_Encrypt.cpp:139->../ip_repo/aes128_hls/src/AES_Encrypt.cpp:158]   --->   Operation 95 'select' 'y_74' <Predicate = true> <Delay = 1.07> <CoreInst = "Sel">   --->   Core 73 'Sel' <Latency = 0> <II = 1> <Delay = 1.07> <FuncUnit> <Opcode : 'select'> <InPorts = 3> <OutPorts = 1>
ST_1 : Operation 96 [1/1] (0.00ns) (grouped into LUT with out node next_state_8)   --->   "%xor_ln142_8 = xor i8 %state_10_read_1, i8 %state_9_read_1" [../ip_repo/aes128_hls/src/AES_Encrypt.cpp:142->../ip_repo/aes128_hls/src/AES_Encrypt.cpp:158]   --->   Operation 96 'xor' 'xor_ln142_8' <Predicate = true> <Delay = 0.00> <CoreInst = "LogicGate">   --->   Core 74 'LogicGate' <Latency = 0> <II = 1> <Delay = 0.80> <FuncUnit> <Opcode : 'and' 'or' 'xor'> <InPorts = 2> <OutPorts = 1>
ST_1 : Operation 97 [1/1] (0.00ns) (grouped into LUT with out node next_state_8)   --->   "%xor_ln142_9 = xor i8 %y_72, i8 %state_11_read_1" [../ip_repo/aes128_hls/src/AES_Encrypt.cpp:142->../ip_repo/aes128_hls/src/AES_Encrypt.cpp:158]   --->   Operation 97 'xor' 'xor_ln142_9' <Predicate = true> <Delay = 0.00> <CoreInst = "LogicGate">   --->   Core 74 'LogicGate' <Latency = 0> <II = 1> <Delay = 0.80> <FuncUnit> <Opcode : 'and' 'or' 'xor'> <InPorts = 2> <OutPorts = 1>
ST_1 : Operation 98 [1/1] (0.00ns) (grouped into LUT with out node next_state_8)   --->   "%xor_ln142_10 = xor i8 %xor_ln142_9, i8 %y_71" [../ip_repo/aes128_hls/src/AES_Encrypt.cpp:142->../ip_repo/aes128_hls/src/AES_Encrypt.cpp:158]   --->   Operation 98 'xor' 'xor_ln142_10' <Predicate = true> <Delay = 0.00> <CoreInst = "LogicGate">   --->   Core 74 'LogicGate' <Latency = 0> <II = 1> <Delay = 0.80> <FuncUnit> <Opcode : 'and' 'or' 'xor'> <InPorts = 2> <OutPorts = 1>
ST_1 : Operation 99 [1/1] (0.80ns) (out node of the LUT)   --->   "%next_state_8 = xor i8 %xor_ln142_10, i8 %xor_ln142_8" [../ip_repo/aes128_hls/src/AES_Encrypt.cpp:142->../ip_repo/aes128_hls/src/AES_Encrypt.cpp:158]   --->   Operation 99 'xor' 'next_state_8' <Predicate = true> <Delay = 0.80> <CoreInst = "LogicGate">   --->   Core 74 'LogicGate' <Latency = 0> <II = 1> <Delay = 0.80> <FuncUnit> <Opcode : 'and' 'or' 'xor'> <InPorts = 2> <OutPorts = 1>
ST_1 : Operation 100 [1/1] (0.00ns) (grouped into LUT with out node next_state_9)   --->   "%xor_ln143_8 = xor i8 %state_10_read_1, i8 %state_8_read_1" [../ip_repo/aes128_hls/src/AES_Encrypt.cpp:143->../ip_repo/aes128_hls/src/AES_Encrypt.cpp:158]   --->   Operation 100 'xor' 'xor_ln143_8' <Predicate = true> <Delay = 0.00> <CoreInst = "LogicGate">   --->   Core 74 'LogicGate' <Latency = 0> <II = 1> <Delay = 0.80> <FuncUnit> <Opcode : 'and' 'or' 'xor'> <InPorts = 2> <OutPorts = 1>
ST_1 : Operation 101 [1/1] (0.00ns) (grouped into LUT with out node next_state_9)   --->   "%xor_ln143_9 = xor i8 %y_72, i8 %y_73" [../ip_repo/aes128_hls/src/AES_Encrypt.cpp:143->../ip_repo/aes128_hls/src/AES_Encrypt.cpp:158]   --->   Operation 101 'xor' 'xor_ln143_9' <Predicate = true> <Delay = 0.00> <CoreInst = "LogicGate">   --->   Core 74 'LogicGate' <Latency = 0> <II = 1> <Delay = 0.80> <FuncUnit> <Opcode : 'and' 'or' 'xor'> <InPorts = 2> <OutPorts = 1>
ST_1 : Operation 102 [1/1] (0.00ns) (grouped into LUT with out node next_state_9)   --->   "%xor_ln143_10 = xor i8 %xor_ln143_9, i8 %state_11_read_1" [../ip_repo/aes128_hls/src/AES_Encrypt.cpp:143->../ip_repo/aes128_hls/src/AES_Encrypt.cpp:158]   --->   Operation 102 'xor' 'xor_ln143_10' <Predicate = true> <Delay = 0.00> <CoreInst = "LogicGate">   --->   Core 74 'LogicGate' <Latency = 0> <II = 1> <Delay = 0.80> <FuncUnit> <Opcode : 'and' 'or' 'xor'> <InPorts = 2> <OutPorts = 1>
ST_1 : Operation 103 [1/1] (0.80ns) (out node of the LUT)   --->   "%next_state_9 = xor i8 %xor_ln143_10, i8 %xor_ln143_8" [../ip_repo/aes128_hls/src/AES_Encrypt.cpp:143->../ip_repo/aes128_hls/src/AES_Encrypt.cpp:158]   --->   Operation 103 'xor' 'next_state_9' <Predicate = true> <Delay = 0.80> <CoreInst = "LogicGate">   --->   Core 74 'LogicGate' <Latency = 0> <II = 1> <Delay = 0.80> <FuncUnit> <Opcode : 'and' 'or' 'xor'> <InPorts = 2> <OutPorts = 1>
ST_1 : Operation 104 [1/1] (0.80ns)   --->   "%xor_ln144_8 = xor i8 %state_9_read_1, i8 %state_8_read_1" [../ip_repo/aes128_hls/src/AES_Encrypt.cpp:144->../ip_repo/aes128_hls/src/AES_Encrypt.cpp:158]   --->   Operation 104 'xor' 'xor_ln144_8' <Predicate = true> <Delay = 0.80> <CoreInst = "LogicGate">   --->   Core 74 'LogicGate' <Latency = 0> <II = 1> <Delay = 0.80> <FuncUnit> <Opcode : 'and' 'or' 'xor'> <InPorts = 2> <OutPorts = 1>
ST_1 : Operation 105 [1/1] (0.00ns) (grouped into LUT with out node next_state_10)   --->   "%xor_ln144_9 = xor i8 %xor_ln144_8, i8 %state_11_read_1" [../ip_repo/aes128_hls/src/AES_Encrypt.cpp:144->../ip_repo/aes128_hls/src/AES_Encrypt.cpp:158]   --->   Operation 105 'xor' 'xor_ln144_9' <Predicate = true> <Delay = 0.00> <CoreInst = "LogicGate">   --->   Core 74 'LogicGate' <Latency = 0> <II = 1> <Delay = 0.80> <FuncUnit> <Opcode : 'and' 'or' 'xor'> <InPorts = 2> <OutPorts = 1>
ST_1 : Operation 106 [1/1] (0.00ns) (grouped into LUT with out node next_state_10)   --->   "%xor_ln144_10 = xor i8 %y_73, i8 %y_74" [../ip_repo/aes128_hls/src/AES_Encrypt.cpp:144->../ip_repo/aes128_hls/src/AES_Encrypt.cpp:158]   --->   Operation 106 'xor' 'xor_ln144_10' <Predicate = true> <Delay = 0.00> <CoreInst = "LogicGate">   --->   Core 74 'LogicGate' <Latency = 0> <II = 1> <Delay = 0.80> <FuncUnit> <Opcode : 'and' 'or' 'xor'> <InPorts = 2> <OutPorts = 1>
ST_1 : Operation 107 [1/1] (0.80ns) (out node of the LUT)   --->   "%next_state_10 = xor i8 %xor_ln144_10, i8 %xor_ln144_9" [../ip_repo/aes128_hls/src/AES_Encrypt.cpp:144->../ip_repo/aes128_hls/src/AES_Encrypt.cpp:158]   --->   Operation 107 'xor' 'next_state_10' <Predicate = true> <Delay = 0.80> <CoreInst = "LogicGate">   --->   Core 74 'LogicGate' <Latency = 0> <II = 1> <Delay = 0.80> <FuncUnit> <Opcode : 'and' 'or' 'xor'> <InPorts = 2> <OutPorts = 1>
ST_1 : Operation 108 [1/1] (0.00ns) (grouped into LUT with out node next_state_11)   --->   "%xor_ln145_6 = xor i8 %xor_ln144_8, i8 %state_10_read_1" [../ip_repo/aes128_hls/src/AES_Encrypt.cpp:145->../ip_repo/aes128_hls/src/AES_Encrypt.cpp:158]   --->   Operation 108 'xor' 'xor_ln145_6' <Predicate = true> <Delay = 0.00> <CoreInst = "LogicGate">   --->   Core 74 'LogicGate' <Latency = 0> <II = 1> <Delay = 0.80> <FuncUnit> <Opcode : 'and' 'or' 'xor'> <InPorts = 2> <OutPorts = 1>
ST_1 : Operation 109 [1/1] (0.00ns) (grouped into LUT with out node next_state_11)   --->   "%xor_ln145_7 = xor i8 %y_71, i8 %y_74" [../ip_repo/aes128_hls/src/AES_Encrypt.cpp:145->../ip_repo/aes128_hls/src/AES_Encrypt.cpp:158]   --->   Operation 109 'xor' 'xor_ln145_7' <Predicate = true> <Delay = 0.00> <CoreInst = "LogicGate">   --->   Core 74 'LogicGate' <Latency = 0> <II = 1> <Delay = 0.80> <FuncUnit> <Opcode : 'and' 'or' 'xor'> <InPorts = 2> <OutPorts = 1>
ST_1 : Operation 110 [1/1] (0.80ns) (out node of the LUT)   --->   "%next_state_11 = xor i8 %xor_ln145_7, i8 %xor_ln145_6" [../ip_repo/aes128_hls/src/AES_Encrypt.cpp:145->../ip_repo/aes128_hls/src/AES_Encrypt.cpp:158]   --->   Operation 110 'xor' 'next_state_11' <Predicate = true> <Delay = 0.80> <CoreInst = "LogicGate">   --->   Core 74 'LogicGate' <Latency = 0> <II = 1> <Delay = 0.80> <FuncUnit> <Opcode : 'and' 'or' 'xor'> <InPorts = 2> <OutPorts = 1>
ST_1 : Operation 111 [1/1] (0.00ns)   --->   "%y_51 = shl i8 %state_1213_read_1, i8 1" [../ip_repo/aes128_hls/src/AES_Encrypt.cpp:74->../ip_repo/aes128_hls/src/AES_Encrypt.cpp:139->../ip_repo/aes128_hls/src/AES_Encrypt.cpp:158]   --->   Operation 111 'shl' 'y_51' <Predicate = true> <Delay = 0.00>
ST_1 : Operation 112 [1/1] (0.00ns) (grouped into LUT with out node y_75)   --->   "%tmp_49 = bitselect i1 @_ssdm_op_BitSelect.i1.i8.i32, i8 %state_1213_read_1, i32 7" [../ip_repo/aes128_hls/src/AES_Encrypt.cpp:75->../ip_repo/aes128_hls/src/AES_Encrypt.cpp:139->../ip_repo/aes128_hls/src/AES_Encrypt.cpp:158]   --->   Operation 112 'bitselect' 'tmp_49' <Predicate = true> <Delay = 0.00>
ST_1 : Operation 113 [1/1] (0.00ns) (grouped into LUT with out node y_75)   --->   "%y_52 = xor i8 %y_51, i8 27" [../ip_repo/aes128_hls/src/AES_Encrypt.cpp:76->../ip_repo/aes128_hls/src/AES_Encrypt.cpp:139->../ip_repo/aes128_hls/src/AES_Encrypt.cpp:158]   --->   Operation 113 'xor' 'y_52' <Predicate = (tmp_49)> <Delay = 0.00> <CoreInst = "LogicGate">   --->   Core 74 'LogicGate' <Latency = 0> <II = 1> <Delay = 0.80> <FuncUnit> <Opcode : 'and' 'or' 'xor'> <InPorts = 2> <OutPorts = 1>
ST_1 : Operation 114 [1/1] (1.07ns) (out node of the LUT)   --->   "%y_75 = select i1 %tmp_49, i8 %y_52, i8 %y_51" [../ip_repo/aes128_hls/src/AES_Encrypt.cpp:75->../ip_repo/aes128_hls/src/AES_Encrypt.cpp:139->../ip_repo/aes128_hls/src/AES_Encrypt.cpp:158]   --->   Operation 114 'select' 'y_75' <Predicate = true> <Delay = 1.07> <CoreInst = "Sel">   --->   Core 73 'Sel' <Latency = 0> <II = 1> <Delay = 1.07> <FuncUnit> <Opcode : 'select'> <InPorts = 3> <OutPorts = 1>
ST_1 : Operation 115 [1/1] (0.00ns)   --->   "%y_54 = shl i8 %state_13_read_1, i8 1" [../ip_repo/aes128_hls/src/AES_Encrypt.cpp:74->../ip_repo/aes128_hls/src/AES_Encrypt.cpp:139->../ip_repo/aes128_hls/src/AES_Encrypt.cpp:158]   --->   Operation 115 'shl' 'y_54' <Predicate = true> <Delay = 0.00>
ST_1 : Operation 116 [1/1] (0.00ns) (grouped into LUT with out node y_76)   --->   "%tmp_50 = bitselect i1 @_ssdm_op_BitSelect.i1.i8.i32, i8 %state_13_read_1, i32 7" [../ip_repo/aes128_hls/src/AES_Encrypt.cpp:75->../ip_repo/aes128_hls/src/AES_Encrypt.cpp:139->../ip_repo/aes128_hls/src/AES_Encrypt.cpp:158]   --->   Operation 116 'bitselect' 'tmp_50' <Predicate = true> <Delay = 0.00>
ST_1 : Operation 117 [1/1] (0.00ns) (grouped into LUT with out node y_76)   --->   "%y_55 = xor i8 %y_54, i8 27" [../ip_repo/aes128_hls/src/AES_Encrypt.cpp:76->../ip_repo/aes128_hls/src/AES_Encrypt.cpp:139->../ip_repo/aes128_hls/src/AES_Encrypt.cpp:158]   --->   Operation 117 'xor' 'y_55' <Predicate = (tmp_50)> <Delay = 0.00> <CoreInst = "LogicGate">   --->   Core 74 'LogicGate' <Latency = 0> <II = 1> <Delay = 0.80> <FuncUnit> <Opcode : 'and' 'or' 'xor'> <InPorts = 2> <OutPorts = 1>
ST_1 : Operation 118 [1/1] (1.07ns) (out node of the LUT)   --->   "%y_76 = select i1 %tmp_50, i8 %y_55, i8 %y_54" [../ip_repo/aes128_hls/src/AES_Encrypt.cpp:75->../ip_repo/aes128_hls/src/AES_Encrypt.cpp:139->../ip_repo/aes128_hls/src/AES_Encrypt.cpp:158]   --->   Operation 118 'select' 'y_76' <Predicate = true> <Delay = 1.07> <CoreInst = "Sel">   --->   Core 73 'Sel' <Latency = 0> <II = 1> <Delay = 1.07> <FuncUnit> <Opcode : 'select'> <InPorts = 3> <OutPorts = 1>
ST_1 : Operation 119 [1/1] (0.00ns)   --->   "%y_57 = shl i8 %state_14_read_1, i8 1" [../ip_repo/aes128_hls/src/AES_Encrypt.cpp:74->../ip_repo/aes128_hls/src/AES_Encrypt.cpp:139->../ip_repo/aes128_hls/src/AES_Encrypt.cpp:158]   --->   Operation 119 'shl' 'y_57' <Predicate = true> <Delay = 0.00>
ST_1 : Operation 120 [1/1] (0.00ns) (grouped into LUT with out node y_77)   --->   "%tmp_51 = bitselect i1 @_ssdm_op_BitSelect.i1.i8.i32, i8 %state_14_read_1, i32 7" [../ip_repo/aes128_hls/src/AES_Encrypt.cpp:75->../ip_repo/aes128_hls/src/AES_Encrypt.cpp:139->../ip_repo/aes128_hls/src/AES_Encrypt.cpp:158]   --->   Operation 120 'bitselect' 'tmp_51' <Predicate = true> <Delay = 0.00>
ST_1 : Operation 121 [1/1] (0.00ns) (grouped into LUT with out node y_77)   --->   "%y_58 = xor i8 %y_57, i8 27" [../ip_repo/aes128_hls/src/AES_Encrypt.cpp:76->../ip_repo/aes128_hls/src/AES_Encrypt.cpp:139->../ip_repo/aes128_hls/src/AES_Encrypt.cpp:158]   --->   Operation 121 'xor' 'y_58' <Predicate = (tmp_51)> <Delay = 0.00> <CoreInst = "LogicGate">   --->   Core 74 'LogicGate' <Latency = 0> <II = 1> <Delay = 0.80> <FuncUnit> <Opcode : 'and' 'or' 'xor'> <InPorts = 2> <OutPorts = 1>
ST_1 : Operation 122 [1/1] (1.07ns) (out node of the LUT)   --->   "%y_77 = select i1 %tmp_51, i8 %y_58, i8 %y_57" [../ip_repo/aes128_hls/src/AES_Encrypt.cpp:75->../ip_repo/aes128_hls/src/AES_Encrypt.cpp:139->../ip_repo/aes128_hls/src/AES_Encrypt.cpp:158]   --->   Operation 122 'select' 'y_77' <Predicate = true> <Delay = 1.07> <CoreInst = "Sel">   --->   Core 73 'Sel' <Latency = 0> <II = 1> <Delay = 1.07> <FuncUnit> <Opcode : 'select'> <InPorts = 3> <OutPorts = 1>
ST_1 : Operation 123 [1/1] (0.00ns)   --->   "%y_60 = shl i8 %state_15_read_1, i8 1" [../ip_repo/aes128_hls/src/AES_Encrypt.cpp:74->../ip_repo/aes128_hls/src/AES_Encrypt.cpp:139->../ip_repo/aes128_hls/src/AES_Encrypt.cpp:158]   --->   Operation 123 'shl' 'y_60' <Predicate = true> <Delay = 0.00>
ST_1 : Operation 124 [1/1] (0.00ns) (grouped into LUT with out node y_78)   --->   "%tmp_52 = bitselect i1 @_ssdm_op_BitSelect.i1.i8.i32, i8 %state_15_read_1, i32 7" [../ip_repo/aes128_hls/src/AES_Encrypt.cpp:75->../ip_repo/aes128_hls/src/AES_Encrypt.cpp:139->../ip_repo/aes128_hls/src/AES_Encrypt.cpp:158]   --->   Operation 124 'bitselect' 'tmp_52' <Predicate = true> <Delay = 0.00>
ST_1 : Operation 125 [1/1] (0.00ns) (grouped into LUT with out node y_78)   --->   "%y_61 = xor i8 %y_60, i8 27" [../ip_repo/aes128_hls/src/AES_Encrypt.cpp:76->../ip_repo/aes128_hls/src/AES_Encrypt.cpp:139->../ip_repo/aes128_hls/src/AES_Encrypt.cpp:158]   --->   Operation 125 'xor' 'y_61' <Predicate = (tmp_52)> <Delay = 0.00> <CoreInst = "LogicGate">   --->   Core 74 'LogicGate' <Latency = 0> <II = 1> <Delay = 0.80> <FuncUnit> <Opcode : 'and' 'or' 'xor'> <InPorts = 2> <OutPorts = 1>
ST_1 : Operation 126 [1/1] (1.07ns) (out node of the LUT)   --->   "%y_78 = select i1 %tmp_52, i8 %y_61, i8 %y_60" [../ip_repo/aes128_hls/src/AES_Encrypt.cpp:75->../ip_repo/aes128_hls/src/AES_Encrypt.cpp:139->../ip_repo/aes128_hls/src/AES_Encrypt.cpp:158]   --->   Operation 126 'select' 'y_78' <Predicate = true> <Delay = 1.07> <CoreInst = "Sel">   --->   Core 73 'Sel' <Latency = 0> <II = 1> <Delay = 1.07> <FuncUnit> <Opcode : 'select'> <InPorts = 3> <OutPorts = 1>
ST_1 : Operation 127 [1/1] (0.00ns) (grouped into LUT with out node next_state_12)   --->   "%xor_ln142_12 = xor i8 %state_14_read_1, i8 %state_13_read_1" [../ip_repo/aes128_hls/src/AES_Encrypt.cpp:142->../ip_repo/aes128_hls/src/AES_Encrypt.cpp:158]   --->   Operation 127 'xor' 'xor_ln142_12' <Predicate = true> <Delay = 0.00> <CoreInst = "LogicGate">   --->   Core 74 'LogicGate' <Latency = 0> <II = 1> <Delay = 0.80> <FuncUnit> <Opcode : 'and' 'or' 'xor'> <InPorts = 2> <OutPorts = 1>
ST_1 : Operation 128 [1/1] (0.00ns) (grouped into LUT with out node next_state_12)   --->   "%xor_ln142_13 = xor i8 %y_76, i8 %state_15_read_1" [../ip_repo/aes128_hls/src/AES_Encrypt.cpp:142->../ip_repo/aes128_hls/src/AES_Encrypt.cpp:158]   --->   Operation 128 'xor' 'xor_ln142_13' <Predicate = true> <Delay = 0.00> <CoreInst = "LogicGate">   --->   Core 74 'LogicGate' <Latency = 0> <II = 1> <Delay = 0.80> <FuncUnit> <Opcode : 'and' 'or' 'xor'> <InPorts = 2> <OutPorts = 1>
ST_1 : Operation 129 [1/1] (0.00ns) (grouped into LUT with out node next_state_12)   --->   "%xor_ln142_14 = xor i8 %xor_ln142_13, i8 %y_75" [../ip_repo/aes128_hls/src/AES_Encrypt.cpp:142->../ip_repo/aes128_hls/src/AES_Encrypt.cpp:158]   --->   Operation 129 'xor' 'xor_ln142_14' <Predicate = true> <Delay = 0.00> <CoreInst = "LogicGate">   --->   Core 74 'LogicGate' <Latency = 0> <II = 1> <Delay = 0.80> <FuncUnit> <Opcode : 'and' 'or' 'xor'> <InPorts = 2> <OutPorts = 1>
ST_1 : Operation 130 [1/1] (0.80ns) (out node of the LUT)   --->   "%next_state_12 = xor i8 %xor_ln142_14, i8 %xor_ln142_12" [../ip_repo/aes128_hls/src/AES_Encrypt.cpp:142->../ip_repo/aes128_hls/src/AES_Encrypt.cpp:158]   --->   Operation 130 'xor' 'next_state_12' <Predicate = true> <Delay = 0.80> <CoreInst = "LogicGate">   --->   Core 74 'LogicGate' <Latency = 0> <II = 1> <Delay = 0.80> <FuncUnit> <Opcode : 'and' 'or' 'xor'> <InPorts = 2> <OutPorts = 1>
ST_1 : Operation 131 [1/1] (0.00ns) (grouped into LUT with out node next_state_13)   --->   "%xor_ln143_12 = xor i8 %state_14_read_1, i8 %state_1213_read_1" [../ip_repo/aes128_hls/src/AES_Encrypt.cpp:143->../ip_repo/aes128_hls/src/AES_Encrypt.cpp:158]   --->   Operation 131 'xor' 'xor_ln143_12' <Predicate = true> <Delay = 0.00> <CoreInst = "LogicGate">   --->   Core 74 'LogicGate' <Latency = 0> <II = 1> <Delay = 0.80> <FuncUnit> <Opcode : 'and' 'or' 'xor'> <InPorts = 2> <OutPorts = 1>
ST_1 : Operation 132 [1/1] (0.00ns) (grouped into LUT with out node next_state_13)   --->   "%xor_ln143_13 = xor i8 %y_76, i8 %y_77" [../ip_repo/aes128_hls/src/AES_Encrypt.cpp:143->../ip_repo/aes128_hls/src/AES_Encrypt.cpp:158]   --->   Operation 132 'xor' 'xor_ln143_13' <Predicate = true> <Delay = 0.00> <CoreInst = "LogicGate">   --->   Core 74 'LogicGate' <Latency = 0> <II = 1> <Delay = 0.80> <FuncUnit> <Opcode : 'and' 'or' 'xor'> <InPorts = 2> <OutPorts = 1>
ST_1 : Operation 133 [1/1] (0.00ns) (grouped into LUT with out node next_state_13)   --->   "%xor_ln143_14 = xor i8 %xor_ln143_13, i8 %state_15_read_1" [../ip_repo/aes128_hls/src/AES_Encrypt.cpp:143->../ip_repo/aes128_hls/src/AES_Encrypt.cpp:158]   --->   Operation 133 'xor' 'xor_ln143_14' <Predicate = true> <Delay = 0.00> <CoreInst = "LogicGate">   --->   Core 74 'LogicGate' <Latency = 0> <II = 1> <Delay = 0.80> <FuncUnit> <Opcode : 'and' 'or' 'xor'> <InPorts = 2> <OutPorts = 1>
ST_1 : Operation 134 [1/1] (0.80ns) (out node of the LUT)   --->   "%next_state_13 = xor i8 %xor_ln143_14, i8 %xor_ln143_12" [../ip_repo/aes128_hls/src/AES_Encrypt.cpp:143->../ip_repo/aes128_hls/src/AES_Encrypt.cpp:158]   --->   Operation 134 'xor' 'next_state_13' <Predicate = true> <Delay = 0.80> <CoreInst = "LogicGate">   --->   Core 74 'LogicGate' <Latency = 0> <II = 1> <Delay = 0.80> <FuncUnit> <Opcode : 'and' 'or' 'xor'> <InPorts = 2> <OutPorts = 1>
ST_1 : Operation 135 [1/1] (0.80ns)   --->   "%xor_ln144_12 = xor i8 %state_13_read_1, i8 %state_1213_read_1" [../ip_repo/aes128_hls/src/AES_Encrypt.cpp:144->../ip_repo/aes128_hls/src/AES_Encrypt.cpp:158]   --->   Operation 135 'xor' 'xor_ln144_12' <Predicate = true> <Delay = 0.80> <CoreInst = "LogicGate">   --->   Core 74 'LogicGate' <Latency = 0> <II = 1> <Delay = 0.80> <FuncUnit> <Opcode : 'and' 'or' 'xor'> <InPorts = 2> <OutPorts = 1>
ST_1 : Operation 136 [1/1] (0.00ns) (grouped into LUT with out node next_state_14)   --->   "%xor_ln144_13 = xor i8 %xor_ln144_12, i8 %state_15_read_1" [../ip_repo/aes128_hls/src/AES_Encrypt.cpp:144->../ip_repo/aes128_hls/src/AES_Encrypt.cpp:158]   --->   Operation 136 'xor' 'xor_ln144_13' <Predicate = true> <Delay = 0.00> <CoreInst = "LogicGate">   --->   Core 74 'LogicGate' <Latency = 0> <II = 1> <Delay = 0.80> <FuncUnit> <Opcode : 'and' 'or' 'xor'> <InPorts = 2> <OutPorts = 1>
ST_1 : Operation 137 [1/1] (0.00ns) (grouped into LUT with out node next_state_14)   --->   "%xor_ln144_14 = xor i8 %y_77, i8 %y_78" [../ip_repo/aes128_hls/src/AES_Encrypt.cpp:144->../ip_repo/aes128_hls/src/AES_Encrypt.cpp:158]   --->   Operation 137 'xor' 'xor_ln144_14' <Predicate = true> <Delay = 0.00> <CoreInst = "LogicGate">   --->   Core 74 'LogicGate' <Latency = 0> <II = 1> <Delay = 0.80> <FuncUnit> <Opcode : 'and' 'or' 'xor'> <InPorts = 2> <OutPorts = 1>
ST_1 : Operation 138 [1/1] (0.80ns) (out node of the LUT)   --->   "%next_state_14 = xor i8 %xor_ln144_14, i8 %xor_ln144_13" [../ip_repo/aes128_hls/src/AES_Encrypt.cpp:144->../ip_repo/aes128_hls/src/AES_Encrypt.cpp:158]   --->   Operation 138 'xor' 'next_state_14' <Predicate = true> <Delay = 0.80> <CoreInst = "LogicGate">   --->   Core 74 'LogicGate' <Latency = 0> <II = 1> <Delay = 0.80> <FuncUnit> <Opcode : 'and' 'or' 'xor'> <InPorts = 2> <OutPorts = 1>
ST_1 : Operation 139 [1/1] (0.00ns) (grouped into LUT with out node next_state_15)   --->   "%xor_ln145_9 = xor i8 %xor_ln144_12, i8 %state_14_read_1" [../ip_repo/aes128_hls/src/AES_Encrypt.cpp:145->../ip_repo/aes128_hls/src/AES_Encrypt.cpp:158]   --->   Operation 139 'xor' 'xor_ln145_9' <Predicate = true> <Delay = 0.00> <CoreInst = "LogicGate">   --->   Core 74 'LogicGate' <Latency = 0> <II = 1> <Delay = 0.80> <FuncUnit> <Opcode : 'and' 'or' 'xor'> <InPorts = 2> <OutPorts = 1>
ST_1 : Operation 140 [1/1] (0.00ns) (grouped into LUT with out node next_state_15)   --->   "%xor_ln145_10 = xor i8 %y_75, i8 %y_78" [../ip_repo/aes128_hls/src/AES_Encrypt.cpp:145->../ip_repo/aes128_hls/src/AES_Encrypt.cpp:158]   --->   Operation 140 'xor' 'xor_ln145_10' <Predicate = true> <Delay = 0.00> <CoreInst = "LogicGate">   --->   Core 74 'LogicGate' <Latency = 0> <II = 1> <Delay = 0.80> <FuncUnit> <Opcode : 'and' 'or' 'xor'> <InPorts = 2> <OutPorts = 1>
ST_1 : Operation 141 [1/1] (0.80ns) (out node of the LUT)   --->   "%next_state_15 = xor i8 %xor_ln145_10, i8 %xor_ln145_9" [../ip_repo/aes128_hls/src/AES_Encrypt.cpp:145->../ip_repo/aes128_hls/src/AES_Encrypt.cpp:158]   --->   Operation 141 'xor' 'next_state_15' <Predicate = true> <Delay = 0.80> <CoreInst = "LogicGate">   --->   Core 74 'LogicGate' <Latency = 0> <II = 1> <Delay = 0.80> <FuncUnit> <Opcode : 'and' 'or' 'xor'> <InPorts = 2> <OutPorts = 1>
ST_1 : Operation 142 [1/1] (0.00ns)   --->   "%mrv = insertvalue i128 <undef>, i8 %next_state" [../ip_repo/aes128_hls/src/AES_Encrypt.cpp:164]   --->   Operation 142 'insertvalue' 'mrv' <Predicate = true> <Delay = 0.00>
ST_1 : Operation 143 [1/1] (0.00ns)   --->   "%mrv_1 = insertvalue i128 %mrv, i8 %next_state_1" [../ip_repo/aes128_hls/src/AES_Encrypt.cpp:164]   --->   Operation 143 'insertvalue' 'mrv_1' <Predicate = true> <Delay = 0.00>
ST_1 : Operation 144 [1/1] (0.00ns)   --->   "%mrv_2 = insertvalue i128 %mrv_1, i8 %next_state_2" [../ip_repo/aes128_hls/src/AES_Encrypt.cpp:164]   --->   Operation 144 'insertvalue' 'mrv_2' <Predicate = true> <Delay = 0.00>
ST_1 : Operation 145 [1/1] (0.00ns)   --->   "%mrv_3 = insertvalue i128 %mrv_2, i8 %next_state_3" [../ip_repo/aes128_hls/src/AES_Encrypt.cpp:164]   --->   Operation 145 'insertvalue' 'mrv_3' <Predicate = true> <Delay = 0.00>
ST_1 : Operation 146 [1/1] (0.00ns)   --->   "%mrv_4 = insertvalue i128 %mrv_3, i8 %next_state_4" [../ip_repo/aes128_hls/src/AES_Encrypt.cpp:164]   --->   Operation 146 'insertvalue' 'mrv_4' <Predicate = true> <Delay = 0.00>
ST_1 : Operation 147 [1/1] (0.00ns)   --->   "%mrv_5 = insertvalue i128 %mrv_4, i8 %next_state_5" [../ip_repo/aes128_hls/src/AES_Encrypt.cpp:164]   --->   Operation 147 'insertvalue' 'mrv_5' <Predicate = true> <Delay = 0.00>
ST_1 : Operation 148 [1/1] (0.00ns)   --->   "%mrv_6 = insertvalue i128 %mrv_5, i8 %next_state_6" [../ip_repo/aes128_hls/src/AES_Encrypt.cpp:164]   --->   Operation 148 'insertvalue' 'mrv_6' <Predicate = true> <Delay = 0.00>
ST_1 : Operation 149 [1/1] (0.00ns)   --->   "%mrv_7 = insertvalue i128 %mrv_6, i8 %next_state_7" [../ip_repo/aes128_hls/src/AES_Encrypt.cpp:164]   --->   Operation 149 'insertvalue' 'mrv_7' <Predicate = true> <Delay = 0.00>
ST_1 : Operation 150 [1/1] (0.00ns)   --->   "%mrv_8 = insertvalue i128 %mrv_7, i8 %next_state_8" [../ip_repo/aes128_hls/src/AES_Encrypt.cpp:164]   --->   Operation 150 'insertvalue' 'mrv_8' <Predicate = true> <Delay = 0.00>
ST_1 : Operation 151 [1/1] (0.00ns)   --->   "%mrv_9 = insertvalue i128 %mrv_8, i8 %next_state_9" [../ip_repo/aes128_hls/src/AES_Encrypt.cpp:164]   --->   Operation 151 'insertvalue' 'mrv_9' <Predicate = true> <Delay = 0.00>
ST_1 : Operation 152 [1/1] (0.00ns)   --->   "%mrv_s = insertvalue i128 %mrv_9, i8 %next_state_10" [../ip_repo/aes128_hls/src/AES_Encrypt.cpp:164]   --->   Operation 152 'insertvalue' 'mrv_s' <Predicate = true> <Delay = 0.00>
ST_1 : Operation 153 [1/1] (0.00ns)   --->   "%mrv_10 = insertvalue i128 %mrv_s, i8 %next_state_11" [../ip_repo/aes128_hls/src/AES_Encrypt.cpp:164]   --->   Operation 153 'insertvalue' 'mrv_10' <Predicate = true> <Delay = 0.00>
ST_1 : Operation 154 [1/1] (0.00ns)   --->   "%mrv_11 = insertvalue i128 %mrv_10, i8 %next_state_12" [../ip_repo/aes128_hls/src/AES_Encrypt.cpp:164]   --->   Operation 154 'insertvalue' 'mrv_11' <Predicate = true> <Delay = 0.00>
ST_1 : Operation 155 [1/1] (0.00ns)   --->   "%mrv_12 = insertvalue i128 %mrv_11, i8 %next_state_13" [../ip_repo/aes128_hls/src/AES_Encrypt.cpp:164]   --->   Operation 155 'insertvalue' 'mrv_12' <Predicate = true> <Delay = 0.00>
ST_1 : Operation 156 [1/1] (0.00ns)   --->   "%mrv_13 = insertvalue i128 %mrv_12, i8 %next_state_14" [../ip_repo/aes128_hls/src/AES_Encrypt.cpp:164]   --->   Operation 156 'insertvalue' 'mrv_13' <Predicate = true> <Delay = 0.00>
ST_1 : Operation 157 [1/1] (0.00ns)   --->   "%mrv_14 = insertvalue i128 %mrv_13, i8 %next_state_15" [../ip_repo/aes128_hls/src/AES_Encrypt.cpp:164]   --->   Operation 157 'insertvalue' 'mrv_14' <Predicate = true> <Delay = 0.00>
ST_1 : Operation 158 [1/1] (0.00ns)   --->   "%ret_ln164 = ret i128 %mrv_14" [../ip_repo/aes128_hls/src/AES_Encrypt.cpp:164]   --->   Operation 158 'ret' 'ret_ln164' <Predicate = true> <Delay = 0.00>


============================================================
+ Verbose Summary: Timing violations
============================================================
Target clock period: 20.000ns, clock uncertainty: 5.400ns.

 <State 1>: 1.876ns
The critical path consists of the following:
	wire read operation ('state_1_read_1', ../ip_repo/aes128_hls/src/AES_Encrypt.cpp:73->../ip_repo/aes128_hls/src/AES_Encrypt.cpp:139->../ip_repo/aes128_hls/src/AES_Encrypt.cpp:158) on port 'state_1_read' (../ip_repo/aes128_hls/src/AES_Encrypt.cpp:73->../ip_repo/aes128_hls/src/AES_Encrypt.cpp:139->../ip_repo/aes128_hls/src/AES_Encrypt.cpp:158) [31]  (0.000 ns)
	'select' operation ('y', ../ip_repo/aes128_hls/src/AES_Encrypt.cpp:75->../ip_repo/aes128_hls/src/AES_Encrypt.cpp:139->../ip_repo/aes128_hls/src/AES_Encrypt.cpp:158) [40]  (1.076 ns)
	'xor' operation ('xor_ln142_1', ../ip_repo/aes128_hls/src/AES_Encrypt.cpp:142->../ip_repo/aes128_hls/src/AES_Encrypt.cpp:158) [50]  (0.000 ns)
	'xor' operation ('xor_ln142_2', ../ip_repo/aes128_hls/src/AES_Encrypt.cpp:142->../ip_repo/aes128_hls/src/AES_Encrypt.cpp:158) [51]  (0.000 ns)
	'xor' operation ('next_state', ../ip_repo/aes128_hls/src/AES_Encrypt.cpp:142->../ip_repo/aes128_hls/src/AES_Encrypt.cpp:158) [52]  (0.800 ns)


============================================================
+ Verbose Summary: Binding
============================================================
N/A
* FSMD analyzer results:
  - Output states:
 - Input state : 
  - Chain level:
	State 1


============================================================
+ Verbose Summary: Datapath Resource usage 
============================================================
N/A
