C:\Users\dtk\cw305-shell\examples\aes128_hls\hls_cw305_aes_enc\solution0\.autopilot\db\Sbox_Composite.pp.0.cpp:1321:7: warning: Added loop label VITIS_LOOP_1213_1:   [xilinx-label-all-loops]
      for (i = 0; i < __N - 1; ++i) {
      ^~~
      VITIS_LOOP_1213_1: 
C:\Users\dtk\cw305-shell\examples\aes128_hls\hls_cw305_aes_enc\solution0\.autopilot\db\Sbox_Composite.pp.0.cpp:1321:7: note: FIX-IT applied suggested code changes
C:\Users\dtk\cw305-shell\examples\aes128_hls\hls_cw305_aes_enc\solution0\.autopilot\db\Sbox_Composite.pp.0.cpp:2295:5: warning: Added loop label VITIS_LOOP_676_1:   [xilinx-label-all-loops]
    for (unsigned i = low; i != high; ++i) {
    ^~~
    VITIS_LOOP_676_1: 
C:\Users\dtk\cw305-shell\examples\aes128_hls\hls_cw305_aes_enc\solution0\.autopilot\db\Sbox_Composite.pp.0.cpp:2295:5: note: FIX-IT applied suggested code changes
C:\Users\dtk\cw305-shell\examples\aes128_hls\hls_cw305_aes_enc\solution0\.autopilot\db\Sbox_Composite.pp.0.cpp:2309:5: warning: Added loop label VITIS_LOOP_690_1:   [xilinx-label-all-loops]
    for (unsigned i = low; i != high; ++i) {
    ^~~
    VITIS_LOOP_690_1: 
C:\Users\dtk\cw305-shell\examples\aes128_hls\hls_cw305_aes_enc\solution0\.autopilot\db\Sbox_Composite.pp.0.cpp:2309:5: note: FIX-IT applied suggested code changes
C:\Users\dtk\cw305-shell\examples\aes128_hls\hls_cw305_aes_enc\solution0\.autopilot\db\Sbox_Composite.pp.0.cpp:2323:5: warning: Added loop label VITIS_LOOP_704_1:   [xilinx-label-all-loops]
    for (unsigned i = low; i != high; ++i) {
    ^~~
    VITIS_LOOP_704_1: 
C:\Users\dtk\cw305-shell\examples\aes128_hls\hls_cw305_aes_enc\solution0\.autopilot\db\Sbox_Composite.pp.0.cpp:2323:5: note: FIX-IT applied suggested code changes
C:\Users\dtk\cw305-shell\examples\aes128_hls\hls_cw305_aes_enc\solution0\.autopilot\db\Sbox_Composite.pp.0.cpp:3934:7: warning: Added loop label VITIS_LOOP_1247_1:   [xilinx-label-all-loops]
      for (i = 0; i < __N - 1; ++i) {
      ^~~
      VITIS_LOOP_1247_1: 
C:\Users\dtk\cw305-shell\examples\aes128_hls\hls_cw305_aes_enc\solution0\.autopilot\db\Sbox_Composite.pp.0.cpp:3934:7: note: FIX-IT applied suggested code changes
C:\Users\dtk\cw305-shell\examples\aes128_hls\hls_cw305_aes_enc\solution0\.autopilot\db\Sbox_Composite.pp.0.cpp:5769:2: warning: Added loop label VITIS_LOOP_73_1:   [xilinx-label-all-loops]
 for (int i = 0; i < 8; i++) {
 ^~~
 VITIS_LOOP_73_1: 
C:\Users\dtk\cw305-shell\examples\aes128_hls\hls_cw305_aes_enc\solution0\.autopilot\db\Sbox_Composite.pp.0.cpp:5769:2: note: FIX-IT applied suggested code changes
C:\Users\dtk\cw305-shell\examples\aes128_hls\hls_cw305_aes_enc\solution0\.autopilot\db\Sbox_Composite.pp.0.cpp:5779:2: warning: Added loop label VITIS_LOOP_83_1:   [xilinx-label-all-loops]
 for (int i = 0; i < 8; i++) {
 ^~~
 VITIS_LOOP_83_1: 
C:\Users\dtk\cw305-shell\examples\aes128_hls\hls_cw305_aes_enc\solution0\.autopilot\db\Sbox_Composite.pp.0.cpp:5779:2: note: FIX-IT applied suggested code changes
C:\Users\dtk\cw305-shell\examples\aes128_hls\hls_cw305_aes_enc\solution0\.autopilot\db\Sbox_Composite.pp.0.cpp:5811:2: warning: Added loop label VITIS_LOOP_115_1:   [xilinx-label-all-loops]
 for (int i = 0; i < 8; i++) {
 ^~~
 VITIS_LOOP_115_1: 
C:\Users\dtk\cw305-shell\examples\aes128_hls\hls_cw305_aes_enc\solution0\.autopilot\db\Sbox_Composite.pp.0.cpp:5811:2: note: FIX-IT applied suggested code changes
